<?xml version="1.0" encoding="utf-8"?>
<TestRun id="8337a94e-6eee-4e79-816e-86c9a4ce1f87" name="crist@DESKTOP-KLPJG4Q 2025-08-29 14:53:07" runUser="DESKTOP-KLPJG4Q\crist" xmlns="http://microsoft.com/schemas/VisualStudio/TeamTest/2010">
  <Times creation="2025-08-29T14:53:07.7741783-04:00" queuing="2025-08-29T14:53:07.7741786-04:00" start="2025-08-29T14:53:07.3933480-04:00" finish="2025-08-29T14:53:09.3252753-04:00" />
  <TestSettings name="default" id="40ebffbf-4a82-4bc2-99ca-37f91cc070cf">
    <Deployment runDeploymentRoot="crist_DESKTOP-KLPJG4Q_2025-08-29_14_53_07" />
  </TestSettings>
  <Results>
    <UnitTestResult executionId="0cd9e924-de41-499e-be4c-464f7d73d892" testId="1ad85ac2-a659-5781-908b-ebe0efe8c50b" testName="Shin_Megami_Tensei.Tests.Tests.TestE1_Random(teamsFolder: &quot;data\\E1-Random&quot;, testFile: &quot;data\\E1-Random-Tests\\062.txt&quot;)" computerName="DESKTOP-KLPJG4Q" duration="00:00:00.0147775" startTime="2025-08-29T14:53:08.7560522-04:00" endTime="2025-08-29T14:53:08.7560524-04:00" testType="13cdc9d9-ddb5-4fa4-a97d-d965ccfc6d4b" outcome="Passed" testListId="8c84fa94-04c1-424b-9868-57a2d4851a1d" relativeResultsDirectory="0cd9e924-de41-499e-be4c-464f7d73d892" />
    <UnitTestResult executionId="4d03e371-52da-40dd-98cd-a165da0a7382" testId="69cae94c-c0bb-5b24-d659-6f175fcaaa44" testName="Shin_Megami_Tensei.Tests.Tests.TestE1_Random(teamsFolder: &quot;data\\E1-Random&quot;, testFile: &quot;data\\E1-Random-Tests\\077.txt&quot;)" computerName="DESKTOP-KLPJG4Q" duration="00:00:00.0034761" startTime="2025-08-29T14:53:08.6004371-04:00" endTime="2025-08-29T14:53:08.6004373-04:00" testType="13cdc9d9-ddb5-4fa4-a97d-d965ccfc6d4b" outcome="Passed" testListId="8c84fa94-04c1-424b-9868-57a2d4851a1d" relativeResultsDirectory="4d03e371-52da-40dd-98cd-a165da0a7382" />
    <UnitTestResult executionId="8650dabe-7165-4a1a-a32e-9d69e1c5edf1" testId="68b8a07e-8e70-ace3-e999-6a1a4a85640c" testName="Shin_Megami_Tensei.Tests.Tests.TestE1_Random(teamsFolder: &quot;data\\E1-Random&quot;, testFile: &quot;data\\E1-Random-Tests\\084.txt&quot;)" computerName="DESKTOP-KLPJG4Q" duration="00:00:00.0350359" startTime="2025-08-29T14:53:09.1134507-04:00" endTime="2025-08-29T14:53:09.1134510-04:00" testType="13cdc9d9-ddb5-4fa4-a97d-d965ccfc6d4b" outcome="Passed" testListId="8c84fa94-04c1-424b-9868-57a2d4851a1d" relativeResultsDirectory="8650dabe-7165-4a1a-a32e-9d69e1c5edf1" />
    <UnitTestResult executionId="909a4ade-feb6-4a2a-b853-515c3ff2e58d" testId="99298f47-b823-e846-92bb-8c13cb779aaa" testName="Shin_Megami_Tensei.Tests.Tests.TestE1_Random(teamsFolder: &quot;data\\E1-Random&quot;, testFile: &quot;data\\E1-Random-Tests\\025.txt&quot;)" computerName="DESKTOP-KLPJG4Q" duration="00:00:00.0075988" startTime="2025-08-29T14:53:08.6700489-04:00" endTime="2025-08-29T14:53:08.6700491-04:00" testType="13cdc9d9-ddb5-4fa4-a97d-d965ccfc6d4b" outcome="Passed" testListId="8c84fa94-04c1-424b-9868-57a2d4851a1d" relativeResultsDirectory="909a4ade-feb6-4a2a-b853-515c3ff2e58d" />
    <UnitTestResult executionId="9d433f3e-a782-417c-a56d-66e3ae572c93" testId="ee381227-f746-656c-ee1a-0bbac4b8bdaf" testName="Shin_Megami_Tensei.Tests.Tests.TestE1_Random(teamsFolder: &quot;data\\E1-Random&quot;, testFile: &quot;data\\E1-Random-Tests\\030.txt&quot;)" computerName="DESKTOP-KLPJG4Q" duration="00:00:00.0069981" startTime="2025-08-29T14:53:08.9953816-04:00" endTime="2025-08-29T14:53:08.9953818-04:00" testType="13cdc9d9-ddb5-4fa4-a97d-d965ccfc6d4b" outcome="Passed" testListId="8c84fa94-04c1-424b-9868-57a2d4851a1d" relativeResultsDirectory="9d433f3e-a782-417c-a56d-66e3ae572c93" />
    <UnitTestResult executionId="a55fdec7-2021-432c-a81b-22a906220926" testId="e6867a58-490c-898a-7ce5-fd54c8d6f490" testName="Shin_Megami_Tensei.Tests.Tests.TestE1_Random(teamsFolder: &quot;data\\E1-Random&quot;, testFile: &quot;data\\E1-Random-Tests\\032.txt&quot;)" computerName="DESKTOP-KLPJG4Q" duration="00:00:00.0301574" startTime="2025-08-29T14:53:09.0514407-04:00" endTime="2025-08-29T14:53:09.0514410-04:00" testType="13cdc9d9-ddb5-4fa4-a97d-d965ccfc6d4b" outcome="Passed" testListId="8c84fa94-04c1-424b-9868-57a2d4851a1d" relativeResultsDirectory="a55fdec7-2021-432c-a81b-22a906220926" />
    <UnitTestResult executionId="25b672bd-793f-4d69-a364-5a5c5d289e42" testId="cba59a3a-5677-2e6f-2a34-932f9611de45" testName="Shin_Megami_Tensei.Tests.Tests.TestE1_Random(teamsFolder: &quot;data\\E1-Random&quot;, testFile: &quot;data\\E1-Random-Tests\\091.txt&quot;)" computerName="DESKTOP-KLPJG4Q" duration="00:00:00.0023609" startTime="2025-08-29T14:53:08.1641314-04:00" endTime="2025-08-29T14:53:08.1641314-04:00" testType="13cdc9d9-ddb5-4fa4-a97d-d965ccfc6d4b" outcome="Passed" testListId="8c84fa94-04c1-424b-9868-57a2d4851a1d" relativeResultsDirectory="25b672bd-793f-4d69-a364-5a5c5d289e42" />
    <UnitTestResult executionId="33782c0d-bdc4-494c-9472-e3c2bdb7c7dd" testId="90b326aa-2ccf-fe90-8771-49396304680d" testName="Shin_Megami_Tensei.Tests.Tests.TestE1_Random(teamsFolder: &quot;data\\E1-Random&quot;, testFile: &quot;data\\E1-Random-Tests\\005.txt&quot;)" computerName="DESKTOP-KLPJG4Q" duration="00:00:00.0111294" startTime="2025-08-29T14:53:08.7411929-04:00" endTime="2025-08-29T14:53:08.7411931-04:00" testType="13cdc9d9-ddb5-4fa4-a97d-d965ccfc6d4b" outcome="Passed" testListId="8c84fa94-04c1-424b-9868-57a2d4851a1d" relativeResultsDirectory="33782c0d-bdc4-494c-9472-e3c2bdb7c7dd" />
    <UnitTestResult executionId="3d70cb6f-e82e-4aa9-9dec-072bdeb5e307" testId="41639004-152b-225f-4e85-125af1caac81" testName="Shin_Megami_Tensei.Tests.Tests.TestE1_Random(teamsFolder: &quot;data\\E1-Random&quot;, testFile: &quot;data\\E1-Random-Tests\\071.txt&quot;)" computerName="DESKTOP-KLPJG4Q" duration="00:00:00.0137334" startTime="2025-08-29T14:53:08.5562448-04:00" endTime="2025-08-29T14:53:08.5562454-04:00" testType="13cdc9d9-ddb5-4fa4-a97d-d965ccfc6d4b" outcome="Passed" testListId="8c84fa94-04c1-424b-9868-57a2d4851a1d" relativeResultsDirectory="3d70cb6f-e82e-4aa9-9dec-072bdeb5e307" />
    <UnitTestResult executionId="d7600048-3ca5-443a-a13e-9680286ffd6c" testId="28ed2d28-c5e2-bdcf-a3a4-8c664f4f79ca" testName="Shin_Megami_Tensei.Tests.Tests.TestE1_Random(teamsFolder: &quot;data\\E1-Random&quot;, testFile: &quot;data\\E1-Random-Tests\\034.txt&quot;)" computerName="DESKTOP-KLPJG4Q" duration="00:00:00.0041437" startTime="2025-08-29T14:53:09.0608693-04:00" endTime="2025-08-29T14:53:09.0608694-04:00" testType="13cdc9d9-ddb5-4fa4-a97d-d965ccfc6d4b" outcome="Passed" testListId="8c84fa94-04c1-424b-9868-57a2d4851a1d" relativeResultsDirectory="d7600048-3ca5-443a-a13e-9680286ffd6c" />
    <UnitTestResult executionId="b26e69cc-45c2-4e76-ba0e-95384c8d395b" testId="2ed5f60e-7f32-f1cf-72ee-ebe246425333" testName="Shin_Megami_Tensei.Tests.Tests.TestE1_Random(teamsFolder: &quot;data\\E1-Random&quot;, testFile: &quot;data\\E1-Random-Tests\\027.txt&quot;)" computerName="DESKTOP-KLPJG4Q" duration="00:00:00.0095098" startTime="2025-08-29T14:53:07.9018434-04:00" endTime="2025-08-29T14:53:07.9018436-04:00" testType="13cdc9d9-ddb5-4fa4-a97d-d965ccfc6d4b" outcome="Passed" testListId="8c84fa94-04c1-424b-9868-57a2d4851a1d" relativeResultsDirectory="b26e69cc-45c2-4e76-ba0e-95384c8d395b" />
    <UnitTestResult executionId="be61c1f7-f08f-46df-8390-6fbedbd4e626" testId="4da18573-91b7-a3eb-37d4-89f7c1900ea4" testName="Shin_Megami_Tensei.Tests.Tests.TestE1_Random(teamsFolder: &quot;data\\E1-Random&quot;, testFile: &quot;data\\E1-Random-Tests\\076.txt&quot;)" computerName="DESKTOP-KLPJG4Q" duration="00:00:00.0041101" startTime="2025-08-29T14:53:08.0714342-04:00" endTime="2025-08-29T14:53:08.0714343-04:00" testType="13cdc9d9-ddb5-4fa4-a97d-d965ccfc6d4b" outcome="Passed" testListId="8c84fa94-04c1-424b-9868-57a2d4851a1d" relativeResultsDirectory="be61c1f7-f08f-46df-8390-6fbedbd4e626" />
    <UnitTestResult executionId="c950a910-919a-44a1-95d9-d0f7499f98b1" testId="4349cd2f-24d2-f219-f6b0-e416918c0bc4" testName="Shin_Megami_Tensei.Tests.Tests.TestE1_Random(teamsFolder: &quot;data\\E1-Random&quot;, testFile: &quot;data\\E1-Random-Tests\\046.txt&quot;)" computerName="DESKTOP-KLPJG4Q" duration="00:00:00.0233097" startTime="2025-08-29T14:53:08.0345998-04:00" endTime="2025-08-29T14:53:08.0346000-04:00" testType="13cdc9d9-ddb5-4fa4-a97d-d965ccfc6d4b" outcome="Passed" testListId="8c84fa94-04c1-424b-9868-57a2d4851a1d" relativeResultsDirectory="c950a910-919a-44a1-95d9-d0f7499f98b1" />
    <UnitTestResult executionId="a892d228-8367-4f08-9ec2-a2bdcafaa5e6" testId="4dba3f28-eb22-727b-6c7c-63c55c511123" testName="Shin_Megami_Tensei.Tests.Tests.TestE1_Random(teamsFolder: &quot;data\\E1-Random&quot;, testFile: &quot;data\\E1-Random-Tests\\011.txt&quot;)" computerName="DESKTOP-KLPJG4Q" duration="00:00:00.0292891" startTime="2025-08-29T14:53:08.7094601-04:00" endTime="2025-08-29T14:53:08.7094604-04:00" testType="13cdc9d9-ddb5-4fa4-a97d-d965ccfc6d4b" outcome="Passed" testListId="8c84fa94-04c1-424b-9868-57a2d4851a1d" relativeResultsDirectory="a892d228-8367-4f08-9ec2-a2bdcafaa5e6" />
    <UnitTestResult executionId="022f52a7-6548-4230-b39d-3bc9f1d95aac" testId="74bb7684-01fb-7336-eecd-c62fdd2ff483" testName="Shin_Megami_Tensei.Tests.Tests.TestE1_InvalidTeams(teamsFolder: &quot;data\\E1-InvalidTeams&quot;, testFile: &quot;data\\E1-InvalidTeams-Tests\\006.txt&quot;)" computerName="DESKTOP-KLPJG4Q" duration="00:00:00.0018719" startTime="2025-08-29T14:53:07.7069050-04:00" endTime="2025-08-29T14:53:07.7069052-04:00" testType="13cdc9d9-ddb5-4fa4-a97d-d965ccfc6d4b" outcome="Passed" testListId="8c84fa94-04c1-424b-9868-57a2d4851a1d" relativeResultsDirectory="022f52a7-6548-4230-b39d-3bc9f1d95aac" />
    <UnitTestResult executionId="73db7a3b-0b37-4078-8631-7e63f550ee96" testId="26e5639e-3d49-5d4f-4a69-cd511f70eb4e" testName="Shin_Megami_Tensei.Tests.Tests.TestE1_Random(teamsFolder: &quot;data\\E1-Random&quot;, testFile: &quot;data\\E1-Random-Tests\\069.txt&quot;)" computerName="DESKTOP-KLPJG4Q" duration="00:00:00.0182029" startTime="2025-08-29T14:53:08.1908807-04:00" endTime="2025-08-29T14:53:08.1908809-04:00" testType="13cdc9d9-ddb5-4fa4-a97d-d965ccfc6d4b" outcome="Passed" testListId="8c84fa94-04c1-424b-9868-57a2d4851a1d" relativeResultsDirectory="73db7a3b-0b37-4078-8631-7e63f550ee96" />
    <UnitTestResult executionId="bac8e25f-724e-471f-a0ec-df2d814e2ed1" testId="b76b355d-6652-e15f-2c9d-bed7471f0499" testName="Shin_Megami_Tensei.Tests.Tests.TestE1_Random(teamsFolder: &quot;data\\E1-Random&quot;, testFile: &quot;data\\E1-Random-Tests\\080.txt&quot;)" computerName="DESKTOP-KLPJG4Q" duration="00:00:00.0037262" startTime="2025-08-29T14:53:08.0672736-04:00" endTime="2025-08-29T14:53:08.0672738-04:00" testType="13cdc9d9-ddb5-4fa4-a97d-d965ccfc6d4b" outcome="Passed" testListId="8c84fa94-04c1-424b-9868-57a2d4851a1d" relativeResultsDirectory="bac8e25f-724e-471f-a0ec-df2d814e2ed1" />
    <UnitTestResult executionId="565c8875-bd99-441c-881d-b94a3864a5d0" testId="a2bc7319-f2f0-3a89-00a2-3fdb526b4750" testName="Shin_Megami_Tensei.Tests.Tests.TestE1_BasicCombat(teamsFolder: &quot;data\\E1-BasicCombat&quot;, testFile: &quot;data\\E1-BasicCombat-Tests\\001.txt&quot;)" computerName="DESKTOP-KLPJG4Q" duration="00:00:00.0047048" startTime="2025-08-29T14:53:09.2394420-04:00" endTime="2025-08-29T14:53:09.2394421-04:00" testType="13cdc9d9-ddb5-4fa4-a97d-d965ccfc6d4b" outcome="Passed" testListId="8c84fa94-04c1-424b-9868-57a2d4851a1d" relativeResultsDirectory="565c8875-bd99-441c-881d-b94a3864a5d0" />
    <UnitTestResult executionId="4943d214-53a0-447d-9bef-1b80a59ca58d" testId="64431f38-63f7-46f4-a8aa-17db0d4455d9" testName="Shin_Megami_Tensei.Tests.Tests.TestE1_Random(teamsFolder: &quot;data\\E1-Random&quot;, testFile: &quot;data\\E1-Random-Tests\\089.txt&quot;)" computerName="DESKTOP-KLPJG4Q" duration="00:00:00.0156735" startTime="2025-08-29T14:53:08.6623538-04:00" endTime="2025-08-29T14:53:08.6623541-04:00" testType="13cdc9d9-ddb5-4fa4-a97d-d965ccfc6d4b" outcome="Passed" testListId="8c84fa94-04c1-424b-9868-57a2d4851a1d" relativeResultsDirectory="4943d214-53a0-447d-9bef-1b80a59ca58d" />
    <UnitTestResult executionId="8f4182cb-44c5-4ebc-8adc-7bbf3ffc279a" testId="d4223b6e-0995-376e-5b74-e48cdad41d8c" testName="Shin_Megami_Tensei.Tests.Tests.TestE1_Random(teamsFolder: &quot;data\\E1-Random&quot;, testFile: &quot;data\\E1-Random-Tests\\018.txt&quot;)" computerName="DESKTOP-KLPJG4Q" duration="00:00:00.0149555" startTime="2025-08-29T14:53:08.9883207-04:00" endTime="2025-08-29T14:53:08.9883209-04:00" testType="13cdc9d9-ddb5-4fa4-a97d-d965ccfc6d4b" outcome="Passed" testListId="8c84fa94-04c1-424b-9868-57a2d4851a1d" relativeResultsDirectory="8f4182cb-44c5-4ebc-8adc-7bbf3ffc279a" />
    <UnitTestResult executionId="ca895e98-57d9-41c1-b468-65c623730250" testId="bdbab12e-d32c-385f-d7c6-8dd62034ecd4" testName="Shin_Megami_Tensei.Tests.Tests.TestE1_Random(teamsFolder: &quot;data\\E1-Random&quot;, testFile: &quot;data\\E1-Random-Tests\\065.txt&quot;)" computerName="DESKTOP-KLPJG4Q" duration="00:00:00.0118035" startTime="2025-08-29T14:53:08.1183117-04:00" endTime="2025-08-29T14:53:08.1183120-04:00" testType="13cdc9d9-ddb5-4fa4-a97d-d965ccfc6d4b" outcome="Passed" testListId="8c84fa94-04c1-424b-9868-57a2d4851a1d" relativeResultsDirectory="ca895e98-57d9-41c1-b468-65c623730250" />
    <UnitTestResult executionId="f37bb6f1-c705-4102-b83e-d421b8f6ac24" testId="b92c84d8-9959-ef03-9272-bb7826328046" testName="Shin_Megami_Tensei.Tests.Tests.TestE1_InvalidTeams(teamsFolder: &quot;data\\E1-InvalidTeams&quot;, testFile: &quot;data\\E1-InvalidTeams-Tests\\007.txt&quot;)" computerName="DESKTOP-KLPJG4Q" duration="00:00:00.0061599" startTime="2025-08-29T14:53:07.7032598-04:00" endTime="2025-08-29T14:53:07.7032599-04:00" testType="13cdc9d9-ddb5-4fa4-a97d-d965ccfc6d4b" outcome="Passed" testListId="8c84fa94-04c1-424b-9868-57a2d4851a1d" relativeResultsDirectory="f37bb6f1-c705-4102-b83e-d421b8f6ac24" />
    <UnitTestResult executionId="9d927150-99e0-4073-9faf-320434baa4e9" testId="3b605bfd-cd55-ca52-6f35-18700b8ea4e9" testName="Shin_Megami_Tensei.Tests.Tests.TestE1_Random(teamsFolder: &quot;data\\E1-Random&quot;, testFile: &quot;data\\E1-Random-Tests\\017.txt&quot;)" computerName="DESKTOP-KLPJG4Q" duration="00:00:00.0140531" startTime="2025-08-29T14:53:08.1064078-04:00" endTime="2025-08-29T14:53:08.1064081-04:00" testType="13cdc9d9-ddb5-4fa4-a97d-d965ccfc6d4b" outcome="Passed" testListId="8c84fa94-04c1-424b-9868-57a2d4851a1d" relativeResultsDirectory="9d927150-99e0-4073-9faf-320434baa4e9" />
    <UnitTestResult executionId="eca73168-5706-4144-962e-25fa9d890b74" testId="c86ac35c-4cca-b33b-4fc8-e1e97e310cad" testName="Shin_Megami_Tensei.Tests.Tests.TestE1_Random(teamsFolder: &quot;data\\E1-Random&quot;, testFile: &quot;data\\E1-Random-Tests\\063.txt&quot;)" computerName="DESKTOP-KLPJG4Q" duration="00:00:00.0031495" startTime="2025-08-29T14:53:08.9101933-04:00" endTime="2025-08-29T14:53:08.9101934-04:00" testType="13cdc9d9-ddb5-4fa4-a97d-d965ccfc6d4b" outcome="Passed" testListId="8c84fa94-04c1-424b-9868-57a2d4851a1d" relativeResultsDirectory="eca73168-5706-4144-962e-25fa9d890b74" />
    <UnitTestResult executionId="b6ec456f-6895-4012-b98d-e3e848fac547" testId="0d31f816-9580-3279-a0b8-342353865ac0" testName="Shin_Megami_Tensei.Tests.Tests.TestE1_Random(teamsFolder: &quot;data\\E1-Random&quot;, testFile: &quot;data\\E1-Random-Tests\\002.txt&quot;)" computerName="DESKTOP-KLPJG4Q" duration="00:00:00.0047410" startTime="2025-08-29T14:53:08.3863782-04:00" endTime="2025-08-29T14:53:08.3863785-04:00" testType="13cdc9d9-ddb5-4fa4-a97d-d965ccfc6d4b" outcome="Passed" testListId="8c84fa94-04c1-424b-9868-57a2d4851a1d" relativeResultsDirectory="b6ec456f-6895-4012-b98d-e3e848fac547" />
    <UnitTestResult executionId="915807fc-9ce4-45ac-933e-c5462fe2cf94" testId="49fd3926-b39a-d0a2-e47b-b41b984e53c1" testName="Shin_Megami_Tensei.Tests.Tests.TestE1_Random(teamsFolder: &quot;data\\E1-Random&quot;, testFile: &quot;data\\E1-Random-Tests\\068.txt&quot;)" computerName="DESKTOP-KLPJG4Q" duration="00:00:00.0111901" startTime="2025-08-29T14:53:08.9214619-04:00" endTime="2025-08-29T14:53:08.9214620-04:00" testType="13cdc9d9-ddb5-4fa4-a97d-d965ccfc6d4b" outcome="Passed" testListId="8c84fa94-04c1-424b-9868-57a2d4851a1d" relativeResultsDirectory="915807fc-9ce4-45ac-933e-c5462fe2cf94" />
    <UnitTestResult executionId="2736ba72-d55b-449e-a887-5f522d13c1df" testId="d6f3a903-4112-7f19-3282-8e51d9038670" testName="Shin_Megami_Tensei.Tests.Tests.TestE1_Random(teamsFolder: &quot;data\\E1-Random&quot;, testFile: &quot;data\\E1-Random-Tests\\021.txt&quot;)" computerName="DESKTOP-KLPJG4Q" duration="00:00:00.0194116" startTime="2025-08-29T14:53:09.1639394-04:00" endTime="2025-08-29T14:53:09.1639395-04:00" testType="13cdc9d9-ddb5-4fa4-a97d-d965ccfc6d4b" outcome="Passed" testListId="8c84fa94-04c1-424b-9868-57a2d4851a1d" relativeResultsDirectory="2736ba72-d55b-449e-a887-5f522d13c1df" />
    <UnitTestResult executionId="9c4a3959-458e-47d7-b463-b143128baba1" testId="d44a6bae-8900-07c7-8e23-b1758df52cfc" testName="Shin_Megami_Tensei.Tests.Tests.TestE1_Random(teamsFolder: &quot;data\\E1-Random&quot;, testFile: &quot;data\\E1-Random-Tests\\040.txt&quot;)" computerName="DESKTOP-KLPJG4Q" duration="00:00:00.0246005" startTime="2025-08-29T14:53:08.2503948-04:00" endTime="2025-08-29T14:53:08.2503950-04:00" testType="13cdc9d9-ddb5-4fa4-a97d-d965ccfc6d4b" outcome="Passed" testListId="8c84fa94-04c1-424b-9868-57a2d4851a1d" relativeResultsDirectory="9c4a3959-458e-47d7-b463-b143128baba1" />
    <UnitTestResult executionId="5f027e18-9d7e-4b92-825f-5b43790793fb" testId="d4c17e1a-f47a-5f60-04c2-58a2819ce242" testName="Shin_Megami_Tensei.Tests.Tests.TestE1_Random(teamsFolder: &quot;data\\E1-Random&quot;, testFile: &quot;data\\E1-Random-Tests\\098.txt&quot;)" computerName="DESKTOP-KLPJG4Q" duration="00:00:00.0083495" startTime="2025-08-29T14:53:08.1725550-04:00" endTime="2025-08-29T14:53:08.1725551-04:00" testType="13cdc9d9-ddb5-4fa4-a97d-d965ccfc6d4b" outcome="Passed" testListId="8c84fa94-04c1-424b-9868-57a2d4851a1d" relativeResultsDirectory="5f027e18-9d7e-4b92-825f-5b43790793fb" />
    <UnitTestResult executionId="8313ed7a-4915-4145-ba43-635be950891c" testId="0fa720fc-c0fd-3b7d-806e-0fe0e620c585" testName="Shin_Megami_Tensei.Tests.Tests.TestE1_Random(teamsFolder: &quot;data\\E1-Random&quot;, testFile: &quot;data\\E1-Random-Tests\\022.txt&quot;)" computerName="DESKTOP-KLPJG4Q" duration="00:00:00.0109705" startTime="2025-08-29T14:53:08.0456405-04:00" endTime="2025-08-29T14:53:08.0456407-04:00" testType="13cdc9d9-ddb5-4fa4-a97d-d965ccfc6d4b" outcome="Passed" testListId="8c84fa94-04c1-424b-9868-57a2d4851a1d" relativeResultsDirectory="8313ed7a-4915-4145-ba43-635be950891c" />
    <UnitTestResult executionId="2ff33627-c17f-4036-b5a4-cd4c720df2fb" testId="322409ca-83df-e8d1-d390-5269e01b9de2" testName="Shin_Megami_Tensei.Tests.Tests.TestE1_BasicCombat(teamsFolder: &quot;data\\E1-BasicCombat&quot;, testFile: &quot;data\\E1-BasicCombat-Tests\\005.txt&quot;)" computerName="DESKTOP-KLPJG4Q" duration="00:00:00.0197603" startTime="2025-08-29T14:53:09.2628541-04:00" endTime="2025-08-29T14:53:09.2628543-04:00" testType="13cdc9d9-ddb5-4fa4-a97d-d965ccfc6d4b" outcome="Failed" testListId="8c84fa94-04c1-424b-9868-57a2d4851a1d" relativeResultsDirectory="2ff33627-c17f-4036-b5a4-cd4c720df2fb">
      <Output>
        <ErrorInfo>
          <Message>System.ApplicationException : Tu programa pidió un input pero no hay más inputs del usuario en este test case!</Message>
          <StackTrace>   at Shin_Megami_Tensei_View.ConsoleLib.TestingView.GetNextInput() in c:\Users\crist\Documents\Proyecto_detallado\Proyecto-Megaten-IIC2113\Shin-Megami-Tensei-View\ConsoleLib\TestingView.cs:line 29&#xD;
   at Shin_Megami_Tensei_View.ConsoleLib.AbstractView.ReadLine() in c:\Users\crist\Documents\Proyecto_detallado\Proyecto-Megaten-IIC2113\Shin-Megami-Tensei-View\ConsoleLib\AbstractView.cs:line 15&#xD;
   at Shin_Megami_Tensei_View.View.ReadLine() in c:\Users\crist\Documents\Proyecto_detallado\Proyecto-Megaten-IIC2113\Shin-Megami-Tensei-View\ConsoleLib\View.cs:line 23&#xD;
   at Shin_Megami_Tensei_View.ConsoleLib.BattleView.GetActionChoice(Int32 maxActions) in c:\Users\crist\Documents\Proyecto_detallado\Proyecto-Megaten-IIC2113\Shin-Megami-Tensei-View\ConsoleLib\BattleView.cs:line 90&#xD;
   at Shin_Megami_Tensei_Model.CombatSystem.Core.CombatService.ProcessUnitAction(UnitInstance actingUnit, BattleState battleState, String player1Name, String player2Name) in c:\Users\crist\Documents\Proyecto_detallado\Proyecto-Megaten-IIC2113\Shin-Megami-Tensei-Model\CombatSystem\Core\CombatService.cs:line 42&#xD;
   at Shin_Megami_Tensei.BattleEngine.ProcessBattleTurn(BattleState battleState, TeamState currentTeam, List`1 actionOrder, String player1Name, String player2Name) in c:\Users\crist\Documents\Proyecto_detallado\Proyecto-Megaten-IIC2113\Shin-Megami-Tensei-Controller\BattleEngine.cs:line 57&#xD;
   at Shin_Megami_Tensei.BattleEngine.StartBattle(BattleState battleState, String player1Name, String player2Name) in c:\Users\crist\Documents\Proyecto_detallado\Proyecto-Megaten-IIC2113\Shin-Megami-Tensei-Controller\BattleEngine.cs:line 35&#xD;
   at Shin_Megami_Tensei.Game.Play() in c:\Users\crist\Documents\Proyecto_detallado\Proyecto-Megaten-IIC2113\Shin-Megami-Tensei-Controller\Game.cs:line 92&#xD;
   at Shin_Megami_Tensei.Tests.Tests.RunTest(String teamsFolder, String testFile) in c:\Users\crist\Documents\Proyecto_detallado\Proyecto-Megaten-IIC2113\Shin-Megami-Tensei.Tests\Tests.cs:line 75&#xD;
   at Shin_Megami_Tensei.Tests.Tests.TestE1_BasicCombat(String teamsFolder, String testFile) in c:\Users\crist\Documents\Proyecto_detallado\Proyecto-Megaten-IIC2113\Shin-Megami-Tensei.Tests\Tests.cs:line 10&#xD;
   at InvokeStub_Tests.TestE1_BasicCombat(Object, Span`1)&#xD;
   at System.Reflection.MethodBaseInvoker.InvokeWithFewArgs(Object obj, BindingFlags invokeAttr, Binder binder, Object[] parameters, CultureInfo culture)</StackTrace>
        </ErrorInfo>
      </Output>
    </UnitTestResult>
    <UnitTestResult executionId="761bcfc6-56a7-4d9d-82d6-e6fd84dcb630" testId="d34c8308-93a8-6bc6-391e-e6115448323d" testName="Shin_Megami_Tensei.Tests.Tests.TestE1_Random(teamsFolder: &quot;data\\E1-Random&quot;, testFile: &quot;data\\E1-Random-Tests\\095.txt&quot;)" computerName="DESKTOP-KLPJG4Q" duration="00:00:00.0187113" startTime="2025-08-29T14:53:08.4939200-04:00" endTime="2025-08-29T14:53:08.4939203-04:00" testType="13cdc9d9-ddb5-4fa4-a97d-d965ccfc6d4b" outcome="Passed" testListId="8c84fa94-04c1-424b-9868-57a2d4851a1d" relativeResultsDirectory="761bcfc6-56a7-4d9d-82d6-e6fd84dcb630" />
    <UnitTestResult executionId="119724df-52f3-4fa3-9eec-6dbb0f580c41" testId="8d3e9481-64b7-8db2-2c3b-260b8cb7c2a3" testName="Shin_Megami_Tensei.Tests.Tests.TestE1_Random(teamsFolder: &quot;data\\E1-Random&quot;, testFile: &quot;data\\E1-Random-Tests\\015.txt&quot;)" computerName="DESKTOP-KLPJG4Q" duration="00:00:00.0383753" startTime="2025-08-29T14:53:08.5424037-04:00" endTime="2025-08-29T14:53:08.5424040-04:00" testType="13cdc9d9-ddb5-4fa4-a97d-d965ccfc6d4b" outcome="Passed" testListId="8c84fa94-04c1-424b-9868-57a2d4851a1d" relativeResultsDirectory="119724df-52f3-4fa3-9eec-6dbb0f580c41" />
    <UnitTestResult executionId="daf23d32-d855-4405-bc70-dc48dfa4a13f" testId="67fd8996-4db4-ca59-2eed-bcb5cf6b82ae" testName="Shin_Megami_Tensei.Tests.Tests.TestE1_Random(teamsFolder: &quot;data\\E1-Random&quot;, testFile: &quot;data\\E1-Random-Tests\\050.txt&quot;)" computerName="DESKTOP-KLPJG4Q" duration="00:00:00.0299469" startTime="2025-08-29T14:53:08.9587470-04:00" endTime="2025-08-29T14:53:08.9587472-04:00" testType="13cdc9d9-ddb5-4fa4-a97d-d965ccfc6d4b" outcome="Passed" testListId="8c84fa94-04c1-424b-9868-57a2d4851a1d" relativeResultsDirectory="daf23d32-d855-4405-bc70-dc48dfa4a13f" />
    <UnitTestResult executionId="40ae385e-ed72-4bab-8c99-96cb9185f746" testId="589d6435-cd8b-90da-bb9e-5d7dfa9d7756" testName="Shin_Megami_Tensei.Tests.Tests.TestE1_Random(teamsFolder: &quot;data\\E1-Random&quot;, testFile: &quot;data\\E1-Random-Tests\\016.txt&quot;)" computerName="DESKTOP-KLPJG4Q" duration="00:00:00.0189414" startTime="2025-08-29T14:53:08.3007093-04:00" endTime="2025-08-29T14:53:08.3007096-04:00" testType="13cdc9d9-ddb5-4fa4-a97d-d965ccfc6d4b" outcome="Passed" testListId="8c84fa94-04c1-424b-9868-57a2d4851a1d" relativeResultsDirectory="40ae385e-ed72-4bab-8c99-96cb9185f746" />
    <UnitTestResult executionId="7c898474-d1d5-4e10-8334-3156c85b7929" testId="f1a49de0-f68f-c8b0-b35c-186e510c8cc4" testName="Shin_Megami_Tensei.Tests.Tests.TestE1_Random(teamsFolder: &quot;data\\E1-Random&quot;, testFile: &quot;data\\E1-Random-Tests\\024.txt&quot;)" computerName="DESKTOP-KLPJG4Q" duration="00:00:00.0192416" startTime="2025-08-29T14:53:07.9763664-04:00" endTime="2025-08-29T14:53:07.9763666-04:00" testType="13cdc9d9-ddb5-4fa4-a97d-d965ccfc6d4b" outcome="Passed" testListId="8c84fa94-04c1-424b-9868-57a2d4851a1d" relativeResultsDirectory="7c898474-d1d5-4e10-8334-3156c85b7929" />
    <UnitTestResult executionId="ed4beb25-a7c8-4e2c-9c62-07fe84b94834" testId="c9aaab89-95e7-e3b3-658a-fe27a7914eba" testName="Shin_Megami_Tensei.Tests.Tests.TestE1_Random(teamsFolder: &quot;data\\E1-Random&quot;, testFile: &quot;data\\E1-Random-Tests\\066.txt&quot;)" computerName="DESKTOP-KLPJG4Q" duration="00:00:00.0347129" startTime="2025-08-29T14:53:08.2257501-04:00" endTime="2025-08-29T14:53:08.2257504-04:00" testType="13cdc9d9-ddb5-4fa4-a97d-d965ccfc6d4b" outcome="Passed" testListId="8c84fa94-04c1-424b-9868-57a2d4851a1d" relativeResultsDirectory="ed4beb25-a7c8-4e2c-9c62-07fe84b94834" />
    <UnitTestResult executionId="131b83f0-b436-4c03-899c-8bfec42880d3" testId="8ac9f22e-3fe0-1557-e690-94044eec869e" testName="Shin_Megami_Tensei.Tests.Tests.TestE1_InvalidTeams(teamsFolder: &quot;data\\E1-InvalidTeams&quot;, testFile: &quot;data\\E1-InvalidTeams-Tests\\004.txt&quot;)" computerName="DESKTOP-KLPJG4Q" duration="00:00:00.0018726" startTime="2025-08-29T14:53:07.7106762-04:00" endTime="2025-08-29T14:53:07.7106763-04:00" testType="13cdc9d9-ddb5-4fa4-a97d-d965ccfc6d4b" outcome="Passed" testListId="8c84fa94-04c1-424b-9868-57a2d4851a1d" relativeResultsDirectory="131b83f0-b436-4c03-899c-8bfec42880d3" />
    <UnitTestResult executionId="6e2cf895-da1f-48f5-a00b-4cb46124222b" testId="98002bad-2ed8-a8f7-b81f-e7a2ac008592" testName="Shin_Megami_Tensei.Tests.Tests.TestE1_Random(teamsFolder: &quot;data\\E1-Random&quot;, testFile: &quot;data\\E1-Random-Tests\\100.txt&quot;)" computerName="DESKTOP-KLPJG4Q" duration="00:00:00.0113089" startTime="2025-08-29T14:53:07.8433568-04:00" endTime="2025-08-29T14:53:07.8433574-04:00" testType="13cdc9d9-ddb5-4fa4-a97d-d965ccfc6d4b" outcome="Passed" testListId="8c84fa94-04c1-424b-9868-57a2d4851a1d" relativeResultsDirectory="6e2cf895-da1f-48f5-a00b-4cb46124222b" />
    <UnitTestResult executionId="6f15c37c-6409-45b0-b145-76fc89501b44" testId="166f7ee9-3b89-820c-f847-31bfb72f0020" testName="Shin_Megami_Tensei.Tests.Tests.TestE1_InvalidTeams(teamsFolder: &quot;data\\E1-InvalidTeams&quot;, testFile: &quot;data\\E1-InvalidTeams-Tests\\012.txt&quot;)" computerName="DESKTOP-KLPJG4Q" duration="00:00:00.0018504" startTime="2025-08-29T14:53:07.7323305-04:00" endTime="2025-08-29T14:53:07.7323307-04:00" testType="13cdc9d9-ddb5-4fa4-a97d-d965ccfc6d4b" outcome="Passed" testListId="8c84fa94-04c1-424b-9868-57a2d4851a1d" relativeResultsDirectory="6f15c37c-6409-45b0-b145-76fc89501b44" />
    <UnitTestResult executionId="ffc20e6a-686f-4fe1-9957-ba5eb079e9c2" testId="a98b9084-5c03-0329-e9b5-6f2e6933bafc" testName="Shin_Megami_Tensei.Tests.Tests.TestE1_InvalidTeams(teamsFolder: &quot;data\\E1-InvalidTeams&quot;, testFile: &quot;data\\E1-InvalidTeams-Tests\\002.txt&quot;)" computerName="DESKTOP-KLPJG4Q" duration="00:00:00.0198717" startTime="2025-08-29T14:53:07.6947361-04:00" endTime="2025-08-29T14:53:07.6947458-04:00" testType="13cdc9d9-ddb5-4fa4-a97d-d965ccfc6d4b" outcome="Passed" testListId="8c84fa94-04c1-424b-9868-57a2d4851a1d" relativeResultsDirectory="ffc20e6a-686f-4fe1-9957-ba5eb079e9c2" />
    <UnitTestResult executionId="0ca21f4a-e5c2-416d-8f51-d3aa91d14aba" testId="bc8c7565-47ce-49fc-92ad-3449dfe7bd0e" testName="Shin_Megami_Tensei.Tests.Tests.TestE1_Random(teamsFolder: &quot;data\\E1-Random&quot;, testFile: &quot;data\\E1-Random-Tests\\060.txt&quot;)" computerName="DESKTOP-KLPJG4Q" duration="00:00:00.0040467" startTime="2025-08-29T14:53:08.1617447-04:00" endTime="2025-08-29T14:53:08.1617449-04:00" testType="13cdc9d9-ddb5-4fa4-a97d-d965ccfc6d4b" outcome="Passed" testListId="8c84fa94-04c1-424b-9868-57a2d4851a1d" relativeResultsDirectory="0ca21f4a-e5c2-416d-8f51-d3aa91d14aba" />
    <UnitTestResult executionId="9d0854ff-046d-4ddc-9bb4-a5e8a71bf7cb" testId="d1d8b5d4-fc00-6637-cd5f-47a33dd8eaa4" testName="Shin_Megami_Tensei.Tests.Tests.TestE1_Random(teamsFolder: &quot;data\\E1-Random&quot;, testFile: &quot;data\\E1-Random-Tests\\082.txt&quot;)" computerName="DESKTOP-KLPJG4Q" duration="00:00:00.0313711" startTime="2025-08-29T14:53:07.7760003-04:00" endTime="2025-08-29T14:53:07.7760006-04:00" testType="13cdc9d9-ddb5-4fa4-a97d-d965ccfc6d4b" outcome="Passed" testListId="8c84fa94-04c1-424b-9868-57a2d4851a1d" relativeResultsDirectory="9d0854ff-046d-4ddc-9bb4-a5e8a71bf7cb" />
    <UnitTestResult executionId="4f0a732b-e5e0-42ce-831a-e258a6916a44" testId="d446213d-63c1-f152-a02c-a227e0fd90c8" testName="Shin_Megami_Tensei.Tests.Tests.TestE1_Random(teamsFolder: &quot;data\\E1-Random&quot;, testFile: &quot;data\\E1-Random-Tests\\020.txt&quot;)" computerName="DESKTOP-KLPJG4Q" duration="00:00:00.0052034" startTime="2025-08-29T14:53:09.0566984-04:00" endTime="2025-08-29T14:53:09.0566985-04:00" testType="13cdc9d9-ddb5-4fa4-a97d-d965ccfc6d4b" outcome="Passed" testListId="8c84fa94-04c1-424b-9868-57a2d4851a1d" relativeResultsDirectory="4f0a732b-e5e0-42ce-831a-e258a6916a44" />
    <UnitTestResult executionId="b89c88e0-591a-4c2f-9988-e0fc4e55339c" testId="8cc7f239-1d7c-f851-499d-1ef4c392b236" testName="Shin_Megami_Tensei.Tests.Tests.TestE1_Random(teamsFolder: &quot;data\\E1-Random&quot;, testFile: &quot;data\\E1-Random-Tests\\092.txt&quot;)" computerName="DESKTOP-KLPJG4Q" duration="00:00:00.0030252" startTime="2025-08-29T14:53:08.9984334-04:00" endTime="2025-08-29T14:53:08.9984335-04:00" testType="13cdc9d9-ddb5-4fa4-a97d-d965ccfc6d4b" outcome="Passed" testListId="8c84fa94-04c1-424b-9868-57a2d4851a1d" relativeResultsDirectory="b89c88e0-591a-4c2f-9988-e0fc4e55339c" />
    <UnitTestResult executionId="4d48c7e3-8967-4baf-bfbd-03f0932a63fc" testId="3c6929d4-4708-6cd1-8f30-718ff109c0f2" testName="Shin_Megami_Tensei.Tests.Tests.TestE1_Random(teamsFolder: &quot;data\\E1-Random&quot;, testFile: &quot;data\\E1-Random-Tests\\075.txt&quot;)" computerName="DESKTOP-KLPJG4Q" duration="00:00:00.0160994" startTime="2025-08-29T14:53:08.8200629-04:00" endTime="2025-08-29T14:53:08.8200632-04:00" testType="13cdc9d9-ddb5-4fa4-a97d-d965ccfc6d4b" outcome="Passed" testListId="8c84fa94-04c1-424b-9868-57a2d4851a1d" relativeResultsDirectory="4d48c7e3-8967-4baf-bfbd-03f0932a63fc" />
    <UnitTestResult executionId="03b9a1ec-cf3c-4dd6-824b-b78f7387de2b" testId="77031c71-db61-28e1-c010-9efc0c646a4c" testName="Shin_Megami_Tensei.Tests.Tests.TestE1_Random(teamsFolder: &quot;data\\E1-Random&quot;, testFile: &quot;data\\E1-Random-Tests\\013.txt&quot;)" computerName="DESKTOP-KLPJG4Q" duration="00:00:00.0105641" startTime="2025-08-29T14:53:08.7666978-04:00" endTime="2025-08-29T14:53:08.7666981-04:00" testType="13cdc9d9-ddb5-4fa4-a97d-d965ccfc6d4b" outcome="Passed" testListId="8c84fa94-04c1-424b-9868-57a2d4851a1d" relativeResultsDirectory="03b9a1ec-cf3c-4dd6-824b-b78f7387de2b" />
    <UnitTestResult executionId="c3d7e370-adb3-4904-8164-86b0ae03638c" testId="7633c9a9-7ba9-7b23-0e40-69da1fb32a99" testName="Shin_Megami_Tensei.Tests.Tests.TestE1_Random(teamsFolder: &quot;data\\E1-Random&quot;, testFile: &quot;data\\E1-Random-Tests\\004.txt&quot;)" computerName="DESKTOP-KLPJG4Q" duration="00:00:00.0195789" startTime="2025-08-29T14:53:08.2700678-04:00" endTime="2025-08-29T14:53:08.2700683-04:00" testType="13cdc9d9-ddb5-4fa4-a97d-d965ccfc6d4b" outcome="Passed" testListId="8c84fa94-04c1-424b-9868-57a2d4851a1d" relativeResultsDirectory="c3d7e370-adb3-4904-8164-86b0ae03638c" />
    <UnitTestResult executionId="cf9157aa-58b3-4d59-bcf7-116de3f28013" testId="a63d0261-39c2-9925-8c47-bae56a8b83b8" testName="Shin_Megami_Tensei.Tests.Tests.TestE1_Random(teamsFolder: &quot;data\\E1-Random&quot;, testFile: &quot;data\\E1-Random-Tests\\053.txt&quot;)" computerName="DESKTOP-KLPJG4Q" duration="00:00:00.0073376" startTime="2025-08-29T14:53:08.7741274-04:00" endTime="2025-08-29T14:53:08.7741277-04:00" testType="13cdc9d9-ddb5-4fa4-a97d-d965ccfc6d4b" outcome="Passed" testListId="8c84fa94-04c1-424b-9868-57a2d4851a1d" relativeResultsDirectory="cf9157aa-58b3-4d59-bcf7-116de3f28013" />
    <UnitTestResult executionId="01665006-0abf-4493-b435-49209079d046" testId="79580b4a-a65e-4824-6bb2-b9c0f619ac06" testName="Shin_Megami_Tensei.Tests.Tests.TestE1_Random(teamsFolder: &quot;data\\E1-Random&quot;, testFile: &quot;data\\E1-Random-Tests\\090.txt&quot;)" computerName="DESKTOP-KLPJG4Q" duration="00:00:00.0177257" startTime="2025-08-29T14:53:08.3352165-04:00" endTime="2025-08-29T14:53:08.3352169-04:00" testType="13cdc9d9-ddb5-4fa4-a97d-d965ccfc6d4b" outcome="Passed" testListId="8c84fa94-04c1-424b-9868-57a2d4851a1d" relativeResultsDirectory="01665006-0abf-4493-b435-49209079d046" />
    <UnitTestResult executionId="95525857-ac3d-465d-bb77-6366a7d22367" testId="02103224-3eb4-bc5d-88fa-91b8736fd502" testName="Shin_Megami_Tensei.Tests.Tests.TestE1_Random(teamsFolder: &quot;data\\E1-Random&quot;, testFile: &quot;data\\E1-Random-Tests\\047.txt&quot;)" computerName="DESKTOP-KLPJG4Q" duration="00:00:00.0140449" startTime="2025-08-29T14:53:08.8797607-04:00" endTime="2025-08-29T14:53:08.8797608-04:00" testType="13cdc9d9-ddb5-4fa4-a97d-d965ccfc6d4b" outcome="Passed" testListId="8c84fa94-04c1-424b-9868-57a2d4851a1d" relativeResultsDirectory="95525857-ac3d-465d-bb77-6366a7d22367" />
    <UnitTestResult executionId="4549a403-0478-4648-b2d2-2f630587e6f2" testId="deea0ef7-8d1b-f101-e9e5-8366ddc77d12" testName="Shin_Megami_Tensei.Tests.Tests.TestE1_Random(teamsFolder: &quot;data\\E1-Random&quot;, testFile: &quot;data\\E1-Random-Tests\\036.txt&quot;)" computerName="DESKTOP-KLPJG4Q" duration="00:00:00.0315191" startTime="2025-08-29T14:53:08.8516589-04:00" endTime="2025-08-29T14:53:08.8516592-04:00" testType="13cdc9d9-ddb5-4fa4-a97d-d965ccfc6d4b" outcome="Passed" testListId="8c84fa94-04c1-424b-9868-57a2d4851a1d" relativeResultsDirectory="4549a403-0478-4648-b2d2-2f630587e6f2" />
    <UnitTestResult executionId="d55a9a81-56cf-4456-a075-281482a391cc" testId="42d2ae91-c834-696e-ad21-c4506e4918ea" testName="Shin_Megami_Tensei.Tests.Tests.TestE1_Random(teamsFolder: &quot;data\\E1-Random&quot;, testFile: &quot;data\\E1-Random-Tests\\012.txt&quot;)" computerName="DESKTOP-KLPJG4Q" duration="00:00:00.0146215" startTime="2025-08-29T14:53:07.9326097-04:00" endTime="2025-08-29T14:53:07.9326099-04:00" testType="13cdc9d9-ddb5-4fa4-a97d-d965ccfc6d4b" outcome="Passed" testListId="8c84fa94-04c1-424b-9868-57a2d4851a1d" relativeResultsDirectory="d55a9a81-56cf-4456-a075-281482a391cc" />
    <UnitTestResult executionId="d62a9cc0-57ce-422b-a876-b070baec82f9" testId="6d96e59a-df60-b2e6-2f44-710cd52dcddc" testName="Shin_Megami_Tensei.Tests.Tests.TestE1_Random(teamsFolder: &quot;data\\E1-Random&quot;, testFile: &quot;data\\E1-Random-Tests\\086.txt&quot;)" computerName="DESKTOP-KLPJG4Q" duration="00:00:00.0039893" startTime="2025-08-29T14:53:07.9804023-04:00" endTime="2025-08-29T14:53:07.9804024-04:00" testType="13cdc9d9-ddb5-4fa4-a97d-d965ccfc6d4b" outcome="Passed" testListId="8c84fa94-04c1-424b-9868-57a2d4851a1d" relativeResultsDirectory="d62a9cc0-57ce-422b-a876-b070baec82f9" />
    <UnitTestResult executionId="e2fbd34d-3417-4737-839e-cb883b8dbb18" testId="bef313c7-d814-6886-3c75-bed876db87cd" testName="Shin_Megami_Tensei.Tests.Tests.TestE1_Random(teamsFolder: &quot;data\\E1-Random&quot;, testFile: &quot;data\\E1-Random-Tests\\054.txt&quot;)" computerName="DESKTOP-KLPJG4Q" duration="00:00:00.0068244" startTime="2025-08-29T14:53:08.8038987-04:00" endTime="2025-08-29T14:53:08.8038990-04:00" testType="13cdc9d9-ddb5-4fa4-a97d-d965ccfc6d4b" outcome="Passed" testListId="8c84fa94-04c1-424b-9868-57a2d4851a1d" relativeResultsDirectory="e2fbd34d-3417-4737-839e-cb883b8dbb18" />
    <UnitTestResult executionId="34ca9a45-1c23-4fa7-9262-df5e29f9c208" testId="7d43c1c1-8b61-d6d0-133e-9e480fb28497" testName="Shin_Megami_Tensei.Tests.Tests.TestE1_BasicCombat(teamsFolder: &quot;data\\E1-BasicCombat&quot;, testFile: &quot;data\\E1-BasicCombat-Tests\\009.txt&quot;)" computerName="DESKTOP-KLPJG4Q" duration="00:00:00.0118233" startTime="2025-08-29T14:53:09.2246433-04:00" endTime="2025-08-29T14:53:09.2246437-04:00" testType="13cdc9d9-ddb5-4fa4-a97d-d965ccfc6d4b" outcome="Passed" testListId="8c84fa94-04c1-424b-9868-57a2d4851a1d" relativeResultsDirectory="34ca9a45-1c23-4fa7-9262-df5e29f9c208" />
    <UnitTestResult executionId="702df5a9-7d60-4659-9a91-00379022f821" testId="9668a058-4ad6-abfa-52b9-8db3a7266122" testName="Shin_Megami_Tensei.Tests.Tests.TestE1_Random(teamsFolder: &quot;data\\E1-Random&quot;, testFile: &quot;data\\E1-Random-Tests\\007.txt&quot;)" computerName="DESKTOP-KLPJG4Q" duration="00:00:00.0052192" startTime="2025-08-29T14:53:08.2816469-04:00" endTime="2025-08-29T14:53:08.2816474-04:00" testType="13cdc9d9-ddb5-4fa4-a97d-d965ccfc6d4b" outcome="Passed" testListId="8c84fa94-04c1-424b-9868-57a2d4851a1d" relativeResultsDirectory="702df5a9-7d60-4659-9a91-00379022f821" />
    <UnitTestResult executionId="0e7ed396-0099-423d-a85e-8b19eb5aeab3" testId="ec07b3f2-ce56-afe8-1308-b6d98b7c2d23" testName="Shin_Megami_Tensei.Tests.Tests.TestE1_Random(teamsFolder: &quot;data\\E1-Random&quot;, testFile: &quot;data\\E1-Random-Tests\\037.txt&quot;)" computerName="DESKTOP-KLPJG4Q" duration="00:00:00.0059586" startTime="2025-08-29T14:53:07.9386237-04:00" endTime="2025-08-29T14:53:07.9386239-04:00" testType="13cdc9d9-ddb5-4fa4-a97d-d965ccfc6d4b" outcome="Passed" testListId="8c84fa94-04c1-424b-9868-57a2d4851a1d" relativeResultsDirectory="0e7ed396-0099-423d-a85e-8b19eb5aeab3" />
    <UnitTestResult executionId="6bcbcbdc-4aca-4929-bbc5-9c9931f329fa" testId="295e31fb-a861-ea0c-bccf-0bee2d663f66" testName="Shin_Megami_Tensei.Tests.Tests.TestE1_Random(teamsFolder: &quot;data\\E1-Random&quot;, testFile: &quot;data\\E1-Random-Tests\\039.txt&quot;)" computerName="DESKTOP-KLPJG4Q" duration="00:00:00.0049777" startTime="2025-08-29T14:53:09.1955651-04:00" endTime="2025-08-29T14:53:09.1955652-04:00" testType="13cdc9d9-ddb5-4fa4-a97d-d965ccfc6d4b" outcome="Passed" testListId="8c84fa94-04c1-424b-9868-57a2d4851a1d" relativeResultsDirectory="6bcbcbdc-4aca-4929-bbc5-9c9931f329fa" />
    <UnitTestResult executionId="77e25859-b5f0-49d9-b7b2-ffb94b7f1f22" testId="313a5014-ee57-591e-e539-eb4ed27ac32d" testName="Shin_Megami_Tensei.Tests.Tests.TestE1_Random(teamsFolder: &quot;data\\E1-Random&quot;, testFile: &quot;data\\E1-Random-Tests\\074.txt&quot;)" computerName="DESKTOP-KLPJG4Q" duration="00:00:00.0040792" startTime="2025-08-29T14:53:08.7135926-04:00" endTime="2025-08-29T14:53:08.7135926-04:00" testType="13cdc9d9-ddb5-4fa4-a97d-d965ccfc6d4b" outcome="Passed" testListId="8c84fa94-04c1-424b-9868-57a2d4851a1d" relativeResultsDirectory="77e25859-b5f0-49d9-b7b2-ffb94b7f1f22" />
    <UnitTestResult executionId="18605b7a-17ca-4cd8-a688-8cb9a1ac3bb1" testId="f2b1af09-238b-c1db-7c56-df1eafaf8acb" testName="Shin_Megami_Tensei.Tests.Tests.TestE1_BasicCombat(teamsFolder: &quot;data\\E1-BasicCombat&quot;, testFile: &quot;data\\E1-BasicCombat-Tests\\004.txt&quot;)" computerName="DESKTOP-KLPJG4Q" duration="00:00:00.0031013" startTime="2025-08-29T14:53:09.2063879-04:00" endTime="2025-08-29T14:53:09.2063880-04:00" testType="13cdc9d9-ddb5-4fa4-a97d-d965ccfc6d4b" outcome="Failed" testListId="8c84fa94-04c1-424b-9868-57a2d4851a1d" relativeResultsDirectory="18605b7a-17ca-4cd8-a688-8cb9a1ac3bb1">
      <Output>
        <ErrorInfo>
          <Message>System.ApplicationException : Tu programa pidió un input pero no hay más inputs del usuario en este test case!</Message>
          <StackTrace>   at Shin_Megami_Tensei_View.ConsoleLib.TestingView.GetNextInput() in c:\Users\crist\Documents\Proyecto_detallado\Proyecto-Megaten-IIC2113\Shin-Megami-Tensei-View\ConsoleLib\TestingView.cs:line 29&#xD;
   at Shin_Megami_Tensei_View.ConsoleLib.AbstractView.ReadLine() in c:\Users\crist\Documents\Proyecto_detallado\Proyecto-Megaten-IIC2113\Shin-Megami-Tensei-View\ConsoleLib\AbstractView.cs:line 15&#xD;
   at Shin_Megami_Tensei_View.View.ReadLine() in c:\Users\crist\Documents\Proyecto_detallado\Proyecto-Megaten-IIC2113\Shin-Megami-Tensei-View\ConsoleLib\View.cs:line 23&#xD;
   at Shin_Megami_Tensei_View.ConsoleLib.BattleView.GetActionChoice(Int32 maxActions) in c:\Users\crist\Documents\Proyecto_detallado\Proyecto-Megaten-IIC2113\Shin-Megami-Tensei-View\ConsoleLib\BattleView.cs:line 90&#xD;
   at Shin_Megami_Tensei_Model.CombatSystem.Core.CombatService.ProcessUnitAction(UnitInstance actingUnit, BattleState battleState, String player1Name, String player2Name) in c:\Users\crist\Documents\Proyecto_detallado\Proyecto-Megaten-IIC2113\Shin-Megami-Tensei-Model\CombatSystem\Core\CombatService.cs:line 42&#xD;
   at Shin_Megami_Tensei.BattleEngine.ProcessBattleTurn(BattleState battleState, TeamState currentTeam, List`1 actionOrder, String player1Name, String player2Name) in c:\Users\crist\Documents\Proyecto_detallado\Proyecto-Megaten-IIC2113\Shin-Megami-Tensei-Controller\BattleEngine.cs:line 57&#xD;
   at Shin_Megami_Tensei.BattleEngine.StartBattle(BattleState battleState, String player1Name, String player2Name) in c:\Users\crist\Documents\Proyecto_detallado\Proyecto-Megaten-IIC2113\Shin-Megami-Tensei-Controller\BattleEngine.cs:line 35&#xD;
   at Shin_Megami_Tensei.Game.Play() in c:\Users\crist\Documents\Proyecto_detallado\Proyecto-Megaten-IIC2113\Shin-Megami-Tensei-Controller\Game.cs:line 92&#xD;
   at Shin_Megami_Tensei.Tests.Tests.RunTest(String teamsFolder, String testFile) in c:\Users\crist\Documents\Proyecto_detallado\Proyecto-Megaten-IIC2113\Shin-Megami-Tensei.Tests\Tests.cs:line 75&#xD;
   at Shin_Megami_Tensei.Tests.Tests.TestE1_BasicCombat(String teamsFolder, String testFile) in c:\Users\crist\Documents\Proyecto_detallado\Proyecto-Megaten-IIC2113\Shin-Megami-Tensei.Tests\Tests.cs:line 10&#xD;
   at InvokeStub_Tests.TestE1_BasicCombat(Object, Span`1)&#xD;
   at System.Reflection.MethodBaseInvoker.InvokeWithFewArgs(Object obj, BindingFlags invokeAttr, Binder binder, Object[] parameters, CultureInfo culture)</StackTrace>
        </ErrorInfo>
      </Output>
    </UnitTestResult>
    <UnitTestResult executionId="ab9f376b-cc2c-4281-92cc-91b104bfacc2" testId="1a88e488-7a58-59b4-9cfa-5b7dbe31e424" testName="Shin_Megami_Tensei.Tests.Tests.TestE1_Random(teamsFolder: &quot;data\\E1-Random&quot;, testFile: &quot;data\\E1-Random-Tests\\097.txt&quot;)" computerName="DESKTOP-KLPJG4Q" duration="00:00:00.0177708" startTime="2025-08-29T14:53:08.0634838-04:00" endTime="2025-08-29T14:53:08.0634840-04:00" testType="13cdc9d9-ddb5-4fa4-a97d-d965ccfc6d4b" outcome="Passed" testListId="8c84fa94-04c1-424b-9868-57a2d4851a1d" relativeResultsDirectory="ab9f376b-cc2c-4281-92cc-91b104bfacc2" />
    <UnitTestResult executionId="76c099dc-aa5a-441a-97d6-989f08df6241" testId="352d4577-1bcb-fb97-e46b-f5d543787444" testName="Shin_Megami_Tensei.Tests.Tests.TestE1_Random(teamsFolder: &quot;data\\E1-Random&quot;, testFile: &quot;data\\E1-Random-Tests\\019.txt&quot;)" computerName="DESKTOP-KLPJG4Q" duration="00:00:00.0141141" startTime="2025-08-29T14:53:07.9945920-04:00" endTime="2025-08-29T14:53:07.9945922-04:00" testType="13cdc9d9-ddb5-4fa4-a97d-d965ccfc6d4b" outcome="Passed" testListId="8c84fa94-04c1-424b-9868-57a2d4851a1d" relativeResultsDirectory="76c099dc-aa5a-441a-97d6-989f08df6241" />
    <UnitTestResult executionId="312b6df5-5209-47a5-b33b-8380c6a215c2" testId="add4c83f-5c74-3d1f-01fc-cabd08b3ab53" testName="Shin_Megami_Tensei.Tests.Tests.TestE1_Random(teamsFolder: &quot;data\\E1-Random&quot;, testFile: &quot;data\\E1-Random-Tests\\064.txt&quot;)" computerName="DESKTOP-KLPJG4Q" duration="00:00:00.0171140" startTime="2025-08-29T14:53:08.6176347-04:00" endTime="2025-08-29T14:53:08.6176349-04:00" testType="13cdc9d9-ddb5-4fa4-a97d-d965ccfc6d4b" outcome="Passed" testListId="8c84fa94-04c1-424b-9868-57a2d4851a1d" relativeResultsDirectory="312b6df5-5209-47a5-b33b-8380c6a215c2" />
    <UnitTestResult executionId="df4e563c-a510-4d50-8b79-4bad3d12a805" testId="07c6dcf9-e860-a552-d795-18eec5b98a7e" testName="Shin_Megami_Tensei.Tests.Tests.TestE1_Random(teamsFolder: &quot;data\\E1-Random&quot;, testFile: &quot;data\\E1-Random-Tests\\009.txt&quot;)" computerName="DESKTOP-KLPJG4Q" duration="00:00:00.0218674" startTime="2025-08-29T14:53:09.1905636-04:00" endTime="2025-08-29T14:53:09.1905639-04:00" testType="13cdc9d9-ddb5-4fa4-a97d-d965ccfc6d4b" outcome="Passed" testListId="8c84fa94-04c1-424b-9868-57a2d4851a1d" relativeResultsDirectory="df4e563c-a510-4d50-8b79-4bad3d12a805" />
    <UnitTestResult executionId="ceff9b78-19c7-40ff-a5fc-b016524515e2" testId="98032039-9557-816b-d7b6-81329ae199b4" testName="Shin_Megami_Tensei.Tests.Tests.TestE1_InvalidTeams(teamsFolder: &quot;data\\E1-InvalidTeams&quot;, testFile: &quot;data\\E1-InvalidTeams-Tests\\001.txt&quot;)" computerName="DESKTOP-KLPJG4Q" duration="00:00:00.0019652" startTime="2025-08-29T14:53:07.7151578-04:00" endTime="2025-08-29T14:53:07.7151579-04:00" testType="13cdc9d9-ddb5-4fa4-a97d-d965ccfc6d4b" outcome="Passed" testListId="8c84fa94-04c1-424b-9868-57a2d4851a1d" relativeResultsDirectory="ceff9b78-19c7-40ff-a5fc-b016524515e2" />
    <UnitTestResult executionId="eaadf302-9f53-4601-9b0d-c93266bfe20a" testId="e36ac8a7-5198-0682-fcd2-1e8e74550134" testName="Shin_Megami_Tensei.Tests.Tests.TestE1_Random(teamsFolder: &quot;data\\E1-Random&quot;, testFile: &quot;data\\E1-Random-Tests\\035.txt&quot;)" computerName="DESKTOP-KLPJG4Q" duration="00:00:00.0163038" startTime="2025-08-29T14:53:08.7299606-04:00" endTime="2025-08-29T14:53:08.7299608-04:00" testType="13cdc9d9-ddb5-4fa4-a97d-d965ccfc6d4b" outcome="Passed" testListId="8c84fa94-04c1-424b-9868-57a2d4851a1d" relativeResultsDirectory="eaadf302-9f53-4601-9b0d-c93266bfe20a" />
    <UnitTestResult executionId="ef401307-d7fa-4d16-a49a-07b42dff0dd0" testId="9e837860-a6ff-069b-75e6-746caeb17265" testName="Shin_Megami_Tensei.Tests.Tests.TestE1_Random(teamsFolder: &quot;data\\E1-Random&quot;, testFile: &quot;data\\E1-Random-Tests\\006.txt&quot;)" computerName="DESKTOP-KLPJG4Q" duration="00:00:00.0165516" startTime="2025-08-29T14:53:08.0112147-04:00" endTime="2025-08-29T14:53:08.0112150-04:00" testType="13cdc9d9-ddb5-4fa4-a97d-d965ccfc6d4b" outcome="Passed" testListId="8c84fa94-04c1-424b-9868-57a2d4851a1d" relativeResultsDirectory="ef401307-d7fa-4d16-a49a-07b42dff0dd0" />
    <UnitTestResult executionId="dfa595e8-0cc1-4c18-b02c-74195d47341c" testId="1ce999fe-0e89-f1b0-a248-ef0a20d54ae1" testName="Shin_Megami_Tensei.Tests.Tests.TestE1_Random(teamsFolder: &quot;data\\E1-Random&quot;, testFile: &quot;data\\E1-Random-Tests\\052.txt&quot;)" computerName="DESKTOP-KLPJG4Q" duration="00:00:00.0166161" startTime="2025-08-29T14:53:08.3173998-04:00" endTime="2025-08-29T14:53:08.3174001-04:00" testType="13cdc9d9-ddb5-4fa4-a97d-d965ccfc6d4b" outcome="Passed" testListId="8c84fa94-04c1-424b-9868-57a2d4851a1d" relativeResultsDirectory="dfa595e8-0cc1-4c18-b02c-74195d47341c" />
    <UnitTestResult executionId="d7bd554e-eca4-4da6-b787-71eba30613cd" testId="65ace509-024f-2a15-6006-7372bca565c2" testName="Shin_Megami_Tensei.Tests.Tests.TestE1_Random(teamsFolder: &quot;data\\E1-Random&quot;, testFile: &quot;data\\E1-Random-Tests\\056.txt&quot;)" computerName="DESKTOP-KLPJG4Q" duration="00:00:00.0355541" startTime="2025-08-29T14:53:08.3815634-04:00" endTime="2025-08-29T14:53:08.3815637-04:00" testType="13cdc9d9-ddb5-4fa4-a97d-d965ccfc6d4b" outcome="Passed" testListId="8c84fa94-04c1-424b-9868-57a2d4851a1d" relativeResultsDirectory="d7bd554e-eca4-4da6-b787-71eba30613cd" />
    <UnitTestResult executionId="836a0f1c-4e58-435c-a5ce-699523e147d2" testId="16308653-dcb9-0578-e051-468927b3855c" testName="Shin_Megami_Tensei.Tests.Tests.TestE1_BasicCombat(teamsFolder: &quot;data\\E1-BasicCombat&quot;, testFile: &quot;data\\E1-BasicCombat-Tests\\002.txt&quot;)" computerName="DESKTOP-KLPJG4Q" duration="00:00:00.0027042" startTime="2025-08-29T14:53:09.2428132-04:00" endTime="2025-08-29T14:53:09.2428133-04:00" testType="13cdc9d9-ddb5-4fa4-a97d-d965ccfc6d4b" outcome="Failed" testListId="8c84fa94-04c1-424b-9868-57a2d4851a1d" relativeResultsDirectory="836a0f1c-4e58-435c-a5ce-699523e147d2">
      <Output>
        <ErrorInfo>
          <Message>System.ApplicationException : Tu programa pidió un input pero no hay más inputs del usuario en este test case!</Message>
          <StackTrace>   at Shin_Megami_Tensei_View.ConsoleLib.TestingView.GetNextInput() in c:\Users\crist\Documents\Proyecto_detallado\Proyecto-Megaten-IIC2113\Shin-Megami-Tensei-View\ConsoleLib\TestingView.cs:line 29&#xD;
   at Shin_Megami_Tensei_View.ConsoleLib.AbstractView.ReadLine() in c:\Users\crist\Documents\Proyecto_detallado\Proyecto-Megaten-IIC2113\Shin-Megami-Tensei-View\ConsoleLib\AbstractView.cs:line 15&#xD;
   at Shin_Megami_Tensei_View.View.ReadLine() in c:\Users\crist\Documents\Proyecto_detallado\Proyecto-Megaten-IIC2113\Shin-Megami-Tensei-View\ConsoleLib\View.cs:line 23&#xD;
   at Shin_Megami_Tensei_View.ConsoleLib.BattleView.GetActionChoice(Int32 maxActions) in c:\Users\crist\Documents\Proyecto_detallado\Proyecto-Megaten-IIC2113\Shin-Megami-Tensei-View\ConsoleLib\BattleView.cs:line 90&#xD;
   at Shin_Megami_Tensei_Model.CombatSystem.Core.CombatService.ProcessUnitAction(UnitInstance actingUnit, BattleState battleState, String player1Name, String player2Name) in c:\Users\crist\Documents\Proyecto_detallado\Proyecto-Megaten-IIC2113\Shin-Megami-Tensei-Model\CombatSystem\Core\CombatService.cs:line 42&#xD;
   at Shin_Megami_Tensei.BattleEngine.ProcessBattleTurn(BattleState battleState, TeamState currentTeam, List`1 actionOrder, String player1Name, String player2Name) in c:\Users\crist\Documents\Proyecto_detallado\Proyecto-Megaten-IIC2113\Shin-Megami-Tensei-Controller\BattleEngine.cs:line 57&#xD;
   at Shin_Megami_Tensei.BattleEngine.StartBattle(BattleState battleState, String player1Name, String player2Name) in c:\Users\crist\Documents\Proyecto_detallado\Proyecto-Megaten-IIC2113\Shin-Megami-Tensei-Controller\BattleEngine.cs:line 35&#xD;
   at Shin_Megami_Tensei.Game.Play() in c:\Users\crist\Documents\Proyecto_detallado\Proyecto-Megaten-IIC2113\Shin-Megami-Tensei-Controller\Game.cs:line 92&#xD;
   at Shin_Megami_Tensei.Tests.Tests.RunTest(String teamsFolder, String testFile) in c:\Users\crist\Documents\Proyecto_detallado\Proyecto-Megaten-IIC2113\Shin-Megami-Tensei.Tests\Tests.cs:line 75&#xD;
   at Shin_Megami_Tensei.Tests.Tests.TestE1_BasicCombat(String teamsFolder, String testFile) in c:\Users\crist\Documents\Proyecto_detallado\Proyecto-Megaten-IIC2113\Shin-Megami-Tensei.Tests\Tests.cs:line 10&#xD;
   at InvokeStub_Tests.TestE1_BasicCombat(Object, Span`1)&#xD;
   at System.Reflection.MethodBaseInvoker.InvokeWithFewArgs(Object obj, BindingFlags invokeAttr, Binder binder, Object[] parameters, CultureInfo culture)</StackTrace>
        </ErrorInfo>
      </Output>
    </UnitTestResult>
    <UnitTestResult executionId="48e50c71-c560-4ea1-8aca-745a361cde5e" testId="9c9a93ed-8c37-6d5e-bd0d-caf25ed139f0" testName="Shin_Megami_Tensei.Tests.Tests.TestE1_Random(teamsFolder: &quot;data\\E1-Random&quot;, testFile: &quot;data\\E1-Random-Tests\\043.txt&quot;)" computerName="DESKTOP-KLPJG4Q" duration="00:00:00.0105977" startTime="2025-08-29T14:53:08.3459085-04:00" endTime="2025-08-29T14:53:08.3459088-04:00" testType="13cdc9d9-ddb5-4fa4-a97d-d965ccfc6d4b" outcome="Passed" testListId="8c84fa94-04c1-424b-9868-57a2d4851a1d" relativeResultsDirectory="48e50c71-c560-4ea1-8aca-745a361cde5e" />
    <UnitTestResult executionId="97141555-18f1-4e24-85d2-0d58b4c14170" testId="6588ffc7-398c-831b-94a9-89253f2394af" testName="Shin_Megami_Tensei.Tests.Tests.TestE1_Random(teamsFolder: &quot;data\\E1-Random&quot;, testFile: &quot;data\\E1-Random-Tests\\038.txt&quot;)" computerName="DESKTOP-KLPJG4Q" duration="00:00:00.0183345" startTime="2025-08-29T14:53:07.9570598-04:00" endTime="2025-08-29T14:53:07.9570601-04:00" testType="13cdc9d9-ddb5-4fa4-a97d-d965ccfc6d4b" outcome="Passed" testListId="8c84fa94-04c1-424b-9868-57a2d4851a1d" relativeResultsDirectory="97141555-18f1-4e24-85d2-0d58b4c14170" />
    <UnitTestResult executionId="09aa99b0-eec5-45a5-9c28-d0c6fc1e8ef5" testId="41da2e15-52d9-81ab-1c09-12a20d24ec98" testName="Shin_Megami_Tensei.Tests.Tests.TestE1_Random(teamsFolder: &quot;data\\E1-Random&quot;, testFile: &quot;data\\E1-Random-Tests\\010.txt&quot;)" computerName="DESKTOP-KLPJG4Q" duration="00:00:00.0088255" startTime="2025-08-29T14:53:08.9069978-04:00" endTime="2025-08-29T14:53:08.9069981-04:00" testType="13cdc9d9-ddb5-4fa4-a97d-d965ccfc6d4b" outcome="Passed" testListId="8c84fa94-04c1-424b-9868-57a2d4851a1d" relativeResultsDirectory="09aa99b0-eec5-45a5-9c28-d0c6fc1e8ef5" />
    <UnitTestResult executionId="3469d59e-eee5-451c-ada0-70ff146b9580" testId="d6f59557-59e5-64b3-59d7-81dbadb849d4" testName="Shin_Megami_Tensei.Tests.Tests.TestE1_Random(teamsFolder: &quot;data\\E1-Random&quot;, testFile: &quot;data\\E1-Random-Tests\\048.txt&quot;)" computerName="DESKTOP-KLPJG4Q" duration="00:00:00.0046916" startTime="2025-08-29T14:53:08.4116981-04:00" endTime="2025-08-29T14:53:08.4116983-04:00" testType="13cdc9d9-ddb5-4fa4-a97d-d965ccfc6d4b" outcome="Passed" testListId="8c84fa94-04c1-424b-9868-57a2d4851a1d" relativeResultsDirectory="3469d59e-eee5-451c-ada0-70ff146b9580" />
    <UnitTestResult executionId="3f991b72-539b-47cd-b60a-4c4b89234363" testId="88683627-946e-6998-8507-d8276143ef6b" testName="Shin_Megami_Tensei.Tests.Tests.TestE1_BasicCombat(teamsFolder: &quot;data\\E1-BasicCombat&quot;, testFile: &quot;data\\E1-BasicCombat-Tests\\006.txt&quot;)" computerName="DESKTOP-KLPJG4Q" duration="00:00:00.0040847" startTime="2025-08-29T14:53:09.2052753-04:00" endTime="2025-08-29T14:53:09.2052753-04:00" testType="13cdc9d9-ddb5-4fa4-a97d-d965ccfc6d4b" outcome="Failed" testListId="8c84fa94-04c1-424b-9868-57a2d4851a1d" relativeResultsDirectory="3f991b72-539b-47cd-b60a-4c4b89234363">
      <Output>
        <ErrorInfo>
          <Message>System.ApplicationException : Tu programa pidió un input pero no hay más inputs del usuario en este test case!</Message>
          <StackTrace>   at Shin_Megami_Tensei_View.ConsoleLib.TestingView.GetNextInput() in c:\Users\crist\Documents\Proyecto_detallado\Proyecto-Megaten-IIC2113\Shin-Megami-Tensei-View\ConsoleLib\TestingView.cs:line 29&#xD;
   at Shin_Megami_Tensei_View.ConsoleLib.AbstractView.ReadLine() in c:\Users\crist\Documents\Proyecto_detallado\Proyecto-Megaten-IIC2113\Shin-Megami-Tensei-View\ConsoleLib\AbstractView.cs:line 15&#xD;
   at Shin_Megami_Tensei_View.View.ReadLine() in c:\Users\crist\Documents\Proyecto_detallado\Proyecto-Megaten-IIC2113\Shin-Megami-Tensei-View\ConsoleLib\View.cs:line 23&#xD;
   at Shin_Megami_Tensei_View.ConsoleLib.BattleView.GetActionChoice(Int32 maxActions) in c:\Users\crist\Documents\Proyecto_detallado\Proyecto-Megaten-IIC2113\Shin-Megami-Tensei-View\ConsoleLib\BattleView.cs:line 90&#xD;
   at Shin_Megami_Tensei_Model.CombatSystem.Core.CombatService.ProcessUnitAction(UnitInstance actingUnit, BattleState battleState, String player1Name, String player2Name) in c:\Users\crist\Documents\Proyecto_detallado\Proyecto-Megaten-IIC2113\Shin-Megami-Tensei-Model\CombatSystem\Core\CombatService.cs:line 42&#xD;
   at Shin_Megami_Tensei.BattleEngine.ProcessBattleTurn(BattleState battleState, TeamState currentTeam, List`1 actionOrder, String player1Name, String player2Name) in c:\Users\crist\Documents\Proyecto_detallado\Proyecto-Megaten-IIC2113\Shin-Megami-Tensei-Controller\BattleEngine.cs:line 57&#xD;
   at Shin_Megami_Tensei.BattleEngine.StartBattle(BattleState battleState, String player1Name, String player2Name) in c:\Users\crist\Documents\Proyecto_detallado\Proyecto-Megaten-IIC2113\Shin-Megami-Tensei-Controller\BattleEngine.cs:line 35&#xD;
   at Shin_Megami_Tensei.Game.Play() in c:\Users\crist\Documents\Proyecto_detallado\Proyecto-Megaten-IIC2113\Shin-Megami-Tensei-Controller\Game.cs:line 92&#xD;
   at Shin_Megami_Tensei.Tests.Tests.RunTest(String teamsFolder, String testFile) in c:\Users\crist\Documents\Proyecto_detallado\Proyecto-Megaten-IIC2113\Shin-Megami-Tensei.Tests\Tests.cs:line 75&#xD;
   at Shin_Megami_Tensei.Tests.Tests.TestE1_BasicCombat(String teamsFolder, String testFile) in c:\Users\crist\Documents\Proyecto_detallado\Proyecto-Megaten-IIC2113\Shin-Megami-Tensei.Tests\Tests.cs:line 10&#xD;
   at System.RuntimeMethodHandle.InvokeMethod(Object target, Void** arguments, Signature sig, Boolean isConstructor)&#xD;
   at System.Reflection.MethodBaseInvoker.InvokeDirectByRefWithFewArgs(Object obj, Span`1 copyOfArgs, BindingFlags invokeAttr)</StackTrace>
        </ErrorInfo>
      </Output>
    </UnitTestResult>
    <UnitTestResult executionId="91977228-a124-4913-9df8-d2a29f963759" testId="41150e86-55da-8b92-6a4a-f207d41916ea" testName="Shin_Megami_Tensei.Tests.Tests.TestE1_Random(teamsFolder: &quot;data\\E1-Random&quot;, testFile: &quot;data\\E1-Random-Tests\\070.txt&quot;)" computerName="DESKTOP-KLPJG4Q" duration="00:00:00.0039702" startTime="2025-08-29T14:53:08.9732972-04:00" endTime="2025-08-29T14:53:08.9732973-04:00" testType="13cdc9d9-ddb5-4fa4-a97d-d965ccfc6d4b" outcome="Passed" testListId="8c84fa94-04c1-424b-9868-57a2d4851a1d" relativeResultsDirectory="91977228-a124-4913-9df8-d2a29f963759" />
    <UnitTestResult executionId="894448e9-bc7f-4508-b4dc-5ddd4065717e" testId="848435ca-7953-1ae3-b1fc-4c935e4be558" testName="Shin_Megami_Tensei.Tests.Tests.TestE1_BasicCombat(teamsFolder: &quot;data\\E1-BasicCombat&quot;, testFile: &quot;data\\E1-BasicCombat-Tests\\011.txt&quot;)" computerName="DESKTOP-KLPJG4Q" duration="00:00:00.0065911" startTime="2025-08-29T14:53:09.2127441-04:00" endTime="2025-08-29T14:53:09.2127442-04:00" testType="13cdc9d9-ddb5-4fa4-a97d-d965ccfc6d4b" outcome="Passed" testListId="8c84fa94-04c1-424b-9868-57a2d4851a1d" relativeResultsDirectory="894448e9-bc7f-4508-b4dc-5ddd4065717e" />
    <UnitTestResult executionId="7d6067b8-b745-45cf-9213-ce93c4bfde4c" testId="f8ff3f41-1a82-8ca2-9774-7f4a873ada8d" testName="Shin_Megami_Tensei.Tests.Tests.TestE1_Random(teamsFolder: &quot;data\\E1-Random&quot;, testFile: &quot;data\\E1-Random-Tests\\081.txt&quot;)" computerName="DESKTOP-KLPJG4Q" duration="00:00:00.0029718" startTime="2025-08-29T14:53:08.9692866-04:00" endTime="2025-08-29T14:53:08.9692867-04:00" testType="13cdc9d9-ddb5-4fa4-a97d-d965ccfc6d4b" outcome="Passed" testListId="8c84fa94-04c1-424b-9868-57a2d4851a1d" relativeResultsDirectory="7d6067b8-b745-45cf-9213-ce93c4bfde4c" />
    <UnitTestResult executionId="bcd5179f-2787-42d7-adc9-5ae10f8eceae" testId="cc61e91b-c4cb-1bc5-a2bf-fdd4404e547e" testName="Shin_Megami_Tensei.Tests.Tests.TestE1_Random(teamsFolder: &quot;data\\E1-Random&quot;, testFile: &quot;data\\E1-Random-Tests\\096.txt&quot;)" computerName="DESKTOP-KLPJG4Q" duration="00:00:00.0288924" startTime="2025-08-29T14:53:08.6465984-04:00" endTime="2025-08-29T14:53:08.6465987-04:00" testType="13cdc9d9-ddb5-4fa4-a97d-d965ccfc6d4b" outcome="Passed" testListId="8c84fa94-04c1-424b-9868-57a2d4851a1d" relativeResultsDirectory="bcd5179f-2787-42d7-adc9-5ae10f8eceae" />
    <UnitTestResult executionId="0937d278-ef9b-4cb6-91f0-bdd6daebe530" testId="2013bce8-24bd-b970-7c2e-a087e97f5398" testName="Shin_Megami_Tensei.Tests.Tests.TestE1_Random(teamsFolder: &quot;data\\E1-Random&quot;, testFile: &quot;data\\E1-Random-Tests\\003.txt&quot;)" computerName="DESKTOP-KLPJG4Q" duration="00:00:00.0204039" startTime="2025-08-29T14:53:08.5836921-04:00" endTime="2025-08-29T14:53:08.5836924-04:00" testType="13cdc9d9-ddb5-4fa4-a97d-d965ccfc6d4b" outcome="Passed" testListId="8c84fa94-04c1-424b-9868-57a2d4851a1d" relativeResultsDirectory="0937d278-ef9b-4cb6-91f0-bdd6daebe530" />
    <UnitTestResult executionId="0ae49f87-071f-4b89-a34f-393b0f47259c" testId="0a94e742-035f-6093-fcc3-4f0384789a5a" testName="Shin_Megami_Tensei.Tests.Tests.TestE1_Random(teamsFolder: &quot;data\\E1-Random&quot;, testFile: &quot;data\\E1-Random-Tests\\023.txt&quot;)" computerName="DESKTOP-KLPJG4Q" duration="00:00:00.0066887" startTime="2025-08-29T14:53:08.0922967-04:00" endTime="2025-08-29T14:53:08.0922969-04:00" testType="13cdc9d9-ddb5-4fa4-a97d-d965ccfc6d4b" outcome="Passed" testListId="8c84fa94-04c1-424b-9868-57a2d4851a1d" relativeResultsDirectory="0ae49f87-071f-4b89-a34f-393b0f47259c" />
    <UnitTestResult executionId="9bd37236-cbe8-4734-8587-12f17db42ef0" testId="f001360f-0226-abda-066c-de583aafd4ca" testName="Shin_Megami_Tensei.Tests.Tests.TestE1_Random(teamsFolder: &quot;data\\E1-Random&quot;, testFile: &quot;data\\E1-Random-Tests\\031.txt&quot;)" computerName="DESKTOP-KLPJG4Q" duration="00:00:00.0325065" startTime="2025-08-29T14:53:07.8922631-04:00" endTime="2025-08-29T14:53:07.8922633-04:00" testType="13cdc9d9-ddb5-4fa4-a97d-d965ccfc6d4b" outcome="Passed" testListId="8c84fa94-04c1-424b-9868-57a2d4851a1d" relativeResultsDirectory="9bd37236-cbe8-4734-8587-12f17db42ef0" />
    <UnitTestResult executionId="4926bc10-f42e-426b-b906-21aac12b40cb" testId="1fb55b16-f89b-7a3e-f890-6bb8cd23385b" testName="Shin_Megami_Tensei.Tests.Tests.TestE1_Random(teamsFolder: &quot;data\\E1-Random&quot;, testFile: &quot;data\\E1-Random-Tests\\087.txt&quot;)" computerName="DESKTOP-KLPJG4Q" duration="00:00:00.0126773" startTime="2025-08-29T14:53:08.7969792-04:00" endTime="2025-08-29T14:53:08.7969793-04:00" testType="13cdc9d9-ddb5-4fa4-a97d-d965ccfc6d4b" outcome="Passed" testListId="8c84fa94-04c1-424b-9868-57a2d4851a1d" relativeResultsDirectory="4926bc10-f42e-426b-b906-21aac12b40cb" />
    <UnitTestResult executionId="3a5f03a6-a9af-4e44-ba80-9dcaf5978a83" testId="e404d864-7124-996a-0a89-cb312ec5a91b" testName="Shin_Megami_Tensei.Tests.Tests.TestE1_BasicCombat(teamsFolder: &quot;data\\E1-BasicCombat&quot;, testFile: &quot;data\\E1-BasicCombat-Tests\\010.txt&quot;)" computerName="DESKTOP-KLPJG4Q" duration="00:00:00.0070417" startTime="2025-08-29T14:53:09.2317496-04:00" endTime="2025-08-29T14:53:09.2317499-04:00" testType="13cdc9d9-ddb5-4fa4-a97d-d965ccfc6d4b" outcome="Passed" testListId="8c84fa94-04c1-424b-9868-57a2d4851a1d" relativeResultsDirectory="3a5f03a6-a9af-4e44-ba80-9dcaf5978a83" />
    <UnitTestResult executionId="b4ccb52c-53f0-40ff-9b1e-fd7d6029c941" testId="3fe376b0-3650-128e-a496-8fbf53c3bf6d" testName="Shin_Megami_Tensei.Tests.Tests.TestE1_Random(teamsFolder: &quot;data\\E1-Random&quot;, testFile: &quot;data\\E1-Random-Tests\\045.txt&quot;)" computerName="DESKTOP-KLPJG4Q" duration="00:00:00.0173664" startTime="2025-08-29T14:53:09.0782961-04:00" endTime="2025-08-29T14:53:09.0782963-04:00" testType="13cdc9d9-ddb5-4fa4-a97d-d965ccfc6d4b" outcome="Passed" testListId="8c84fa94-04c1-424b-9868-57a2d4851a1d" relativeResultsDirectory="b4ccb52c-53f0-40ff-9b1e-fd7d6029c941" />
    <UnitTestResult executionId="8507e8de-8503-45cc-8aa2-32f3009fc547" testId="0b5cd053-8f63-645b-8649-0ea28ff52bca" testName="Shin_Megami_Tensei.Tests.Tests.TestE1_InvalidTeams(teamsFolder: &quot;data\\E1-InvalidTeams&quot;, testFile: &quot;data\\E1-InvalidTeams-Tests\\011.txt&quot;)" computerName="DESKTOP-KLPJG4Q" duration="00:00:00.0018367" startTime="2025-08-29T14:53:07.7324218-04:00" endTime="2025-08-29T14:53:07.7324218-04:00" testType="13cdc9d9-ddb5-4fa4-a97d-d965ccfc6d4b" outcome="Passed" testListId="8c84fa94-04c1-424b-9868-57a2d4851a1d" relativeResultsDirectory="8507e8de-8503-45cc-8aa2-32f3009fc547" />
    <UnitTestResult executionId="948b47df-6f4e-4fb5-9448-0faefd1e40cd" testId="c8ce7fb1-0f5f-0ac4-20f4-9d5fd80f2fbc" testName="Shin_Megami_Tensei.Tests.Tests.TestE1_Random(teamsFolder: &quot;data\\E1-Random&quot;, testFile: &quot;data\\E1-Random-Tests\\042.txt&quot;)" computerName="DESKTOP-KLPJG4Q" duration="00:00:00.0048791" startTime="2025-08-29T14:53:08.8656413-04:00" endTime="2025-08-29T14:53:08.8656414-04:00" testType="13cdc9d9-ddb5-4fa4-a97d-d965ccfc6d4b" outcome="Passed" testListId="8c84fa94-04c1-424b-9868-57a2d4851a1d" relativeResultsDirectory="948b47df-6f4e-4fb5-9448-0faefd1e40cd" />
    <UnitTestResult executionId="a55403f2-8836-451e-90cb-f2c41658b8e1" testId="69208326-03b1-1201-04b1-4473db7901c7" testName="Shin_Megami_Tensei.Tests.Tests.TestE1_Random(teamsFolder: &quot;data\\E1-Random&quot;, testFile: &quot;data\\E1-Random-Tests\\058.txt&quot;)" computerName="DESKTOP-KLPJG4Q" duration="00:00:00.0099277" startTime="2025-08-29T14:53:08.5039329-04:00" endTime="2025-08-29T14:53:08.5039332-04:00" testType="13cdc9d9-ddb5-4fa4-a97d-d965ccfc6d4b" outcome="Passed" testListId="8c84fa94-04c1-424b-9868-57a2d4851a1d" relativeResultsDirectory="a55403f2-8836-451e-90cb-f2c41658b8e1" />
    <UnitTestResult executionId="30a59708-94db-4143-af38-0fa8f749f114" testId="af5cb0a0-c947-026e-fb5a-3ec2fdebdc83" testName="Shin_Megami_Tensei.Tests.Tests.TestE1_Random(teamsFolder: &quot;data\\E1-Random&quot;, testFile: &quot;data\\E1-Random-Tests\\014.txt&quot;)" computerName="DESKTOP-KLPJG4Q" duration="00:00:00.0068533" startTime="2025-08-29T14:53:08.5632066-04:00" endTime="2025-08-29T14:53:08.5632067-04:00" testType="13cdc9d9-ddb5-4fa4-a97d-d965ccfc6d4b" outcome="Passed" testListId="8c84fa94-04c1-424b-9868-57a2d4851a1d" relativeResultsDirectory="30a59708-94db-4143-af38-0fa8f749f114" />
    <UnitTestResult executionId="470721ff-38f0-4f78-9efa-d5636527ab75" testId="e060f7f9-79a8-8ad2-01ff-a863e6c35f52" testName="Shin_Megami_Tensei.Tests.Tests.TestE1_InvalidTeams(teamsFolder: &quot;data\\E1-InvalidTeams&quot;, testFile: &quot;data\\E1-InvalidTeams-Tests\\008.txt&quot;)" computerName="DESKTOP-KLPJG4Q" duration="00:00:00.0017363" startTime="2025-08-29T14:53:07.7050182-04:00" endTime="2025-08-29T14:53:07.7050183-04:00" testType="13cdc9d9-ddb5-4fa4-a97d-d965ccfc6d4b" outcome="Passed" testListId="8c84fa94-04c1-424b-9868-57a2d4851a1d" relativeResultsDirectory="470721ff-38f0-4f78-9efa-d5636527ab75" />
    <UnitTestResult executionId="1b26d697-52d9-4be5-8917-b8914dbc0cb0" testId="057d496a-8d6f-633f-c776-f5723d008df1" testName="Shin_Megami_Tensei.Tests.Tests.TestE1_Random(teamsFolder: &quot;data\\E1-Random&quot;, testFile: &quot;data\\E1-Random-Tests\\033.txt&quot;)" computerName="DESKTOP-KLPJG4Q" duration="00:00:00.0226895" startTime="2025-08-29T14:53:09.0212033-04:00" endTime="2025-08-29T14:53:09.0212036-04:00" testType="13cdc9d9-ddb5-4fa4-a97d-d965ccfc6d4b" outcome="Passed" testListId="8c84fa94-04c1-424b-9868-57a2d4851a1d" relativeResultsDirectory="1b26d697-52d9-4be5-8917-b8914dbc0cb0" />
    <UnitTestResult executionId="9015469a-79e3-40b4-be7b-a15b119a7869" testId="cbf24d3e-1060-cc0b-1239-4c86c608cf60" testName="Shin_Megami_Tensei.Tests.Tests.TestE1_Random(teamsFolder: &quot;data\\E1-Random&quot;, testFile: &quot;data\\E1-Random-Tests\\055.txt&quot;)" computerName="DESKTOP-KLPJG4Q" duration="00:00:00.0057466" startTime="2025-08-29T14:53:08.1241707-04:00" endTime="2025-08-29T14:53:08.1241710-04:00" testType="13cdc9d9-ddb5-4fa4-a97d-d965ccfc6d4b" outcome="Passed" testListId="8c84fa94-04c1-424b-9868-57a2d4851a1d" relativeResultsDirectory="9015469a-79e3-40b4-be7b-a15b119a7869" />
    <UnitTestResult executionId="35f75e9b-5c97-4551-a275-0a37e9ec2957" testId="03bfa85a-d1d6-9835-e9f9-dd23c0df57ec" testName="Shin_Megami_Tensei.Tests.Tests.TestE1_Random(teamsFolder: &quot;data\\E1-Random&quot;, testFile: &quot;data\\E1-Random-Tests\\008.txt&quot;)" computerName="DESKTOP-KLPJG4Q" duration="00:00:00.0236584" startTime="2025-08-29T14:53:07.7445532-04:00" endTime="2025-08-29T14:53:07.7445534-04:00" testType="13cdc9d9-ddb5-4fa4-a97d-d965ccfc6d4b" outcome="Passed" testListId="8c84fa94-04c1-424b-9868-57a2d4851a1d" relativeResultsDirectory="35f75e9b-5c97-4551-a275-0a37e9ec2957" />
    <UnitTestResult executionId="36fe9870-c7c7-467a-9bf2-af1648235bd6" testId="6969af65-3bdd-cc46-aef8-148b7997fb3c" testName="Shin_Megami_Tensei.Tests.Tests.TestE1_Random(teamsFolder: &quot;data\\E1-Random&quot;, testFile: &quot;data\\E1-Random-Tests\\094.txt&quot;)" computerName="DESKTOP-KLPJG4Q" duration="00:00:00.0046121" startTime="2025-08-29T14:53:09.1686082-04:00" endTime="2025-08-29T14:53:09.1686085-04:00" testType="13cdc9d9-ddb5-4fa4-a97d-d965ccfc6d4b" outcome="Passed" testListId="8c84fa94-04c1-424b-9868-57a2d4851a1d" relativeResultsDirectory="36fe9870-c7c7-467a-9bf2-af1648235bd6" />
    <UnitTestResult executionId="ce295058-01b7-4266-9afb-317e79d1e38f" testId="13704a34-3a55-a42e-0357-353b86859ec6" testName="Shin_Megami_Tensei.Tests.Tests.TestE1_Random(teamsFolder: &quot;data\\E1-Random&quot;, testFile: &quot;data\\E1-Random-Tests\\067.txt&quot;)" computerName="DESKTOP-KLPJG4Q" duration="00:00:00.0106397" startTime="2025-08-29T14:53:07.8540676-04:00" endTime="2025-08-29T14:53:07.8540678-04:00" testType="13cdc9d9-ddb5-4fa4-a97d-d965ccfc6d4b" outcome="Passed" testListId="8c84fa94-04c1-424b-9868-57a2d4851a1d" relativeResultsDirectory="ce295058-01b7-4266-9afb-317e79d1e38f" />
    <UnitTestResult executionId="f9f4624e-de09-4efb-95b0-859f90040ace" testId="def4dcbe-c758-9330-6976-c8c90212e649" testName="Shin_Megami_Tensei.Tests.Tests.TestE1_Random(teamsFolder: &quot;data\\E1-Random&quot;, testFile: &quot;data\\E1-Random-Tests\\072.txt&quot;)" computerName="DESKTOP-KLPJG4Q" duration="00:00:00.0071727" startTime="2025-08-29T14:53:08.9286957-04:00" endTime="2025-08-29T14:53:08.9286959-04:00" testType="13cdc9d9-ddb5-4fa4-a97d-d965ccfc6d4b" outcome="Passed" testListId="8c84fa94-04c1-424b-9868-57a2d4851a1d" relativeResultsDirectory="f9f4624e-de09-4efb-95b0-859f90040ace" />
    <UnitTestResult executionId="0ae460dc-1b7f-400b-8e87-68bd3beeace1" testId="6bbe98b2-2d4e-a69c-d274-aa5100aa6410" testName="Shin_Megami_Tensei.Tests.Tests.TestE1_Random(teamsFolder: &quot;data\\E1-Random&quot;, testFile: &quot;data\\E1-Random-Tests\\059.txt&quot;)" computerName="DESKTOP-KLPJG4Q" duration="00:00:00.0308990" startTime="2025-08-29T14:53:09.1444272-04:00" endTime="2025-08-29T14:53:09.1444274-04:00" testType="13cdc9d9-ddb5-4fa4-a97d-d965ccfc6d4b" outcome="Passed" testListId="8c84fa94-04c1-424b-9868-57a2d4851a1d" relativeResultsDirectory="0ae460dc-1b7f-400b-8e87-68bd3beeace1" />
    <UnitTestResult executionId="7f1d6537-e236-41f2-bc95-6a92771c8898" testId="3c9f7143-bcb8-61fe-0205-4a9fbb5e070a" testName="Shin_Megami_Tensei.Tests.Tests.TestE1_BasicCombat(teamsFolder: &quot;data\\E1-BasicCombat&quot;, testFile: &quot;data\\E1-BasicCombat-Tests\\008.txt&quot;)" computerName="DESKTOP-KLPJG4Q" duration="00:00:00.0040586" startTime="2025-08-29T14:53:09.2878888-04:00" endTime="2025-08-29T14:53:09.2878890-04:00" testType="13cdc9d9-ddb5-4fa4-a97d-d965ccfc6d4b" outcome="Passed" testListId="8c84fa94-04c1-424b-9868-57a2d4851a1d" relativeResultsDirectory="7f1d6537-e236-41f2-bc95-6a92771c8898" />
    <UnitTestResult executionId="4b648de8-2da1-4e14-b07a-573c2e57a2e1" testId="0c66a150-0218-22d2-f9fe-1a25581c72a8" testName="Shin_Megami_Tensei.Tests.Tests.TestE1_BasicCombat(teamsFolder: &quot;data\\E1-BasicCombat&quot;, testFile: &quot;data\\E1-BasicCombat-Tests\\007.txt&quot;)" computerName="DESKTOP-KLPJG4Q" duration="00:00:00.0028033" startTime="2025-08-29T14:53:09.2353039-04:00" endTime="2025-08-29T14:53:09.2353041-04:00" testType="13cdc9d9-ddb5-4fa4-a97d-d965ccfc6d4b" outcome="Failed" testListId="8c84fa94-04c1-424b-9868-57a2d4851a1d" relativeResultsDirectory="4b648de8-2da1-4e14-b07a-573c2e57a2e1">
      <Output>
        <ErrorInfo>
          <Message>System.ApplicationException : Tu programa pidió un input pero no hay más inputs del usuario en este test case!</Message>
          <StackTrace>   at Shin_Megami_Tensei_View.ConsoleLib.TestingView.GetNextInput() in c:\Users\crist\Documents\Proyecto_detallado\Proyecto-Megaten-IIC2113\Shin-Megami-Tensei-View\ConsoleLib\TestingView.cs:line 29&#xD;
   at Shin_Megami_Tensei_View.ConsoleLib.AbstractView.ReadLine() in c:\Users\crist\Documents\Proyecto_detallado\Proyecto-Megaten-IIC2113\Shin-Megami-Tensei-View\ConsoleLib\AbstractView.cs:line 15&#xD;
   at Shin_Megami_Tensei_View.View.ReadLine() in c:\Users\crist\Documents\Proyecto_detallado\Proyecto-Megaten-IIC2113\Shin-Megami-Tensei-View\ConsoleLib\View.cs:line 23&#xD;
   at Shin_Megami_Tensei_View.ConsoleLib.BattleView.GetActionChoice(Int32 maxActions) in c:\Users\crist\Documents\Proyecto_detallado\Proyecto-Megaten-IIC2113\Shin-Megami-Tensei-View\ConsoleLib\BattleView.cs:line 90&#xD;
   at Shin_Megami_Tensei_Model.CombatSystem.Core.CombatService.ProcessUnitAction(UnitInstance actingUnit, BattleState battleState, String player1Name, String player2Name) in c:\Users\crist\Documents\Proyecto_detallado\Proyecto-Megaten-IIC2113\Shin-Megami-Tensei-Model\CombatSystem\Core\CombatService.cs:line 42&#xD;
   at Shin_Megami_Tensei.BattleEngine.ProcessBattleTurn(BattleState battleState, TeamState currentTeam, List`1 actionOrder, String player1Name, String player2Name) in c:\Users\crist\Documents\Proyecto_detallado\Proyecto-Megaten-IIC2113\Shin-Megami-Tensei-Controller\BattleEngine.cs:line 57&#xD;
   at Shin_Megami_Tensei.BattleEngine.StartBattle(BattleState battleState, String player1Name, String player2Name) in c:\Users\crist\Documents\Proyecto_detallado\Proyecto-Megaten-IIC2113\Shin-Megami-Tensei-Controller\BattleEngine.cs:line 35&#xD;
   at Shin_Megami_Tensei.Game.Play() in c:\Users\crist\Documents\Proyecto_detallado\Proyecto-Megaten-IIC2113\Shin-Megami-Tensei-Controller\Game.cs:line 92&#xD;
   at Shin_Megami_Tensei.Tests.Tests.RunTest(String teamsFolder, String testFile) in c:\Users\crist\Documents\Proyecto_detallado\Proyecto-Megaten-IIC2113\Shin-Megami-Tensei.Tests\Tests.cs:line 75&#xD;
   at Shin_Megami_Tensei.Tests.Tests.TestE1_BasicCombat(String teamsFolder, String testFile) in c:\Users\crist\Documents\Proyecto_detallado\Proyecto-Megaten-IIC2113\Shin-Megami-Tensei.Tests\Tests.cs:line 10&#xD;
   at InvokeStub_Tests.TestE1_BasicCombat(Object, Span`1)&#xD;
   at System.Reflection.MethodBaseInvoker.InvokeWithFewArgs(Object obj, BindingFlags invokeAttr, Binder binder, Object[] parameters, CultureInfo culture)</StackTrace>
        </ErrorInfo>
      </Output>
    </UnitTestResult>
    <UnitTestResult executionId="243f9b28-a648-472c-b1ae-3f92df14a17d" testId="fca6c0fa-18c8-0762-bfa5-a8b10ee550e0" testName="Shin_Megami_Tensei.Tests.Tests.TestE1_Random(teamsFolder: &quot;data\\E1-Random&quot;, testFile: &quot;data\\E1-Random-Tests\\088.txt&quot;)" computerName="DESKTOP-KLPJG4Q" duration="00:00:00.0134036" startTime="2025-08-29T14:53:08.8981221-04:00" endTime="2025-08-29T14:53:08.8981223-04:00" testType="13cdc9d9-ddb5-4fa4-a97d-d965ccfc6d4b" outcome="Passed" testListId="8c84fa94-04c1-424b-9868-57a2d4851a1d" relativeResultsDirectory="243f9b28-a648-472c-b1ae-3f92df14a17d" />
    <UnitTestResult executionId="4fa7bade-94ec-4b10-8504-44639d9adf3e" testId="4c844dee-64db-4a80-c70b-2c1e05509fe3" testName="Shin_Megami_Tensei.Tests.Tests.TestE1_Random(teamsFolder: &quot;data\\E1-Random&quot;, testFile: &quot;data\\E1-Random-Tests\\028.txt&quot;)" computerName="DESKTOP-KLPJG4Q" duration="00:00:00.0131515" startTime="2025-08-29T14:53:08.5969215-04:00" endTime="2025-08-29T14:53:08.5969217-04:00" testType="13cdc9d9-ddb5-4fa4-a97d-d965ccfc6d4b" outcome="Passed" testListId="8c84fa94-04c1-424b-9868-57a2d4851a1d" relativeResultsDirectory="4fa7bade-94ec-4b10-8504-44639d9adf3e" />
    <UnitTestResult executionId="b3e5fd5b-7919-4177-8e36-4095e4175303" testId="f1f92a1c-0d1d-3839-91df-58e03211e550" testName="Shin_Megami_Tensei.Tests.Tests.TestE1_Random(teamsFolder: &quot;data\\E1-Random&quot;, testFile: &quot;data\\E1-Random-Tests\\001.txt&quot;)" computerName="DESKTOP-KLPJG4Q" duration="00:00:00.0401308" startTime="2025-08-29T14:53:07.8319512-04:00" endTime="2025-08-29T14:53:07.8319514-04:00" testType="13cdc9d9-ddb5-4fa4-a97d-d965ccfc6d4b" outcome="Passed" testListId="8c84fa94-04c1-424b-9868-57a2d4851a1d" relativeResultsDirectory="b3e5fd5b-7919-4177-8e36-4095e4175303" />
    <UnitTestResult executionId="26df0a1e-29ba-4ec3-8f16-28656f8298d4" testId="fc7abeef-4791-4a8a-cbf3-c370c1a8f9ac" testName="Shin_Megami_Tensei.Tests.Tests.TestE1_InvalidTeams(teamsFolder: &quot;data\\E1-InvalidTeams&quot;, testFile: &quot;data\\E1-InvalidTeams-Tests\\009.txt&quot;)" computerName="DESKTOP-KLPJG4Q" duration="00:00:00.0026655" startTime="2025-08-29T14:53:07.6970739-04:00" endTime="2025-08-29T14:53:07.6970741-04:00" testType="13cdc9d9-ddb5-4fa4-a97d-d965ccfc6d4b" outcome="Passed" testListId="8c84fa94-04c1-424b-9868-57a2d4851a1d" relativeResultsDirectory="26df0a1e-29ba-4ec3-8f16-28656f8298d4" />
    <UnitTestResult executionId="3fcd5f5e-e646-40b2-9aa3-a0f77b1cf015" testId="e5f74119-6de9-cc90-30a9-2711e7947e64" testName="Shin_Megami_Tensei.Tests.Tests.TestE1_InvalidTeams(teamsFolder: &quot;data\\E1-InvalidTeams&quot;, testFile: &quot;data\\E1-InvalidTeams-Tests\\003.txt&quot;)" computerName="DESKTOP-KLPJG4Q" duration="00:00:00.0022567" startTime="2025-08-29T14:53:07.7129813-04:00" endTime="2025-08-29T14:53:07.7129817-04:00" testType="13cdc9d9-ddb5-4fa4-a97d-d965ccfc6d4b" outcome="Passed" testListId="8c84fa94-04c1-424b-9868-57a2d4851a1d" relativeResultsDirectory="3fcd5f5e-e646-40b2-9aa3-a0f77b1cf015" />
    <UnitTestResult executionId="00d097ac-f434-4517-80e7-52404993dc57" testId="b4e139fe-cb88-051f-ecc3-d0ce8a99150d" testName="Shin_Megami_Tensei.Tests.Tests.TestE1_InvalidTeams(teamsFolder: &quot;data\\E1-InvalidTeams&quot;, testFile: &quot;data\\E1-InvalidTeams-Tests\\005.txt&quot;)" computerName="DESKTOP-KLPJG4Q" duration="00:00:00.0018335" startTime="2025-08-29T14:53:07.7324097-04:00" endTime="2025-08-29T14:53:07.7324097-04:00" testType="13cdc9d9-ddb5-4fa4-a97d-d965ccfc6d4b" outcome="Passed" testListId="8c84fa94-04c1-424b-9868-57a2d4851a1d" relativeResultsDirectory="00d097ac-f434-4517-80e7-52404993dc57" />
    <UnitTestResult executionId="03d327a3-7532-4f29-a260-0d8d5adbb5c7" testId="090b89a1-6113-f046-7aa1-bc820b930b1e" testName="Shin_Megami_Tensei.Tests.Tests.TestE1_Random(teamsFolder: &quot;data\\E1-Random&quot;, testFile: &quot;data\\E1-Random-Tests\\078.txt&quot;)" computerName="DESKTOP-KLPJG4Q" duration="00:00:00.0115774" startTime="2025-08-29T14:53:08.3980468-04:00" endTime="2025-08-29T14:53:08.3980471-04:00" testType="13cdc9d9-ddb5-4fa4-a97d-d965ccfc6d4b" outcome="Passed" testListId="8c84fa94-04c1-424b-9868-57a2d4851a1d" relativeResultsDirectory="03d327a3-7532-4f29-a260-0d8d5adbb5c7" />
    <UnitTestResult executionId="2311974e-8082-446d-9ce5-ce17c937e7e0" testId="1cd462c8-53b2-f3d8-3542-b422e2cde91a" testName="Shin_Megami_Tensei.Tests.Tests.TestE1_InvalidTeams(teamsFolder: &quot;data\\E1-InvalidTeams&quot;, testFile: &quot;data\\E1-InvalidTeams-Tests\\010.txt&quot;)" computerName="DESKTOP-KLPJG4Q" duration="00:00:00.0018665" startTime="2025-08-29T14:53:07.7087906-04:00" endTime="2025-08-29T14:53:07.7087907-04:00" testType="13cdc9d9-ddb5-4fa4-a97d-d965ccfc6d4b" outcome="Passed" testListId="8c84fa94-04c1-424b-9868-57a2d4851a1d" relativeResultsDirectory="2311974e-8082-446d-9ce5-ce17c937e7e0" />
    <UnitTestResult executionId="1062df1d-7ebd-481b-94a3-72d52a4424cc" testId="d2b7f721-547e-7aaf-0d8d-638d69ab6fe4" testName="Shin_Megami_Tensei.Tests.Tests.TestE1_Random(teamsFolder: &quot;data\\E1-Random&quot;, testFile: &quot;data\\E1-Random-Tests\\079.txt&quot;)" computerName="DESKTOP-KLPJG4Q" duration="00:00:00.0272172" startTime="2025-08-29T14:53:08.4750974-04:00" endTime="2025-08-29T14:53:08.4750977-04:00" testType="13cdc9d9-ddb5-4fa4-a97d-d965ccfc6d4b" outcome="Passed" testListId="8c84fa94-04c1-424b-9868-57a2d4851a1d" relativeResultsDirectory="1062df1d-7ebd-481b-94a3-72d52a4424cc" />
[...]
    <TestEntry testId="d2b7f721-547e-7aaf-0d8d-638d69ab6fe4" executionId="1062df1d-7ebd-481b-94a3-72d52a4424cc" testListId="8c84fa94-04c1-424b-9868-57a2d4851a1d" />
    <TestEntry testId="9dc40369-2f73-d5bf-cefc-b0504ebc6397" executionId="1e5deed6-3d62-4a3a-bef8-7c56e3ac3f1a" testListId="8c84fa94-04c1-424b-9868-57a2d4851a1d" />
    <TestEntry testId="832f9daf-9c28-d2d4-c7cd-9dea3d3442a1" executionId="d2f9ab1e-d827-4687-87e4-4df3c081aa8c" testListId="8c84fa94-04c1-424b-9868-57a2d4851a1d" />
    <TestEntry testId="093bd5fd-7b71-5732-6fab-e14ab0f2107b" executionId="64f076c0-f84b-4720-a9ed-4b1323eaf24c" testListId="8c84fa94-04c1-424b-9868-57a2d4851a1d" />
    <TestEntry testId="5a9afb75-ac30-afd8-49bc-bee38d0f3e77" executionId="973629b6-86cc-4c66-9562-86b9e2f34839" testListId="8c84fa94-04c1-424b-9868-57a2d4851a1d" />
    <TestEntry testId="90997fd4-ee68-8784-1e2c-cbad0d93d61e" executionId="1711a72b-345a-4b9f-ae6c-694368c80cf9" testListId="8c84fa94-04c1-424b-9868-57a2d4851a1d" />
    <TestEntry testId="7aa147da-7071-7062-d96c-48307376c261" executionId="df357778-c160-444c-92e7-50743f0de872" testListId="8c84fa94-04c1-424b-9868-57a2d4851a1d" />
    <TestEntry testId="ff9615e9-fae7-b248-1db6-30ecf0dbea83" executionId="f4f0a02e-f2c9-4af8-9222-e18c21979cbb" testListId="8c84fa94-04c1-424b-9868-57a2d4851a1d" />
    <TestEntry testId="57cf9789-35df-4a53-6177-94b8f90c91c8" executionId="46f20433-d086-4bbe-95b5-ece363781525" testListId="8c84fa94-04c1-424b-9868-57a2d4851a1d" />
    <TestEntry testId="caef5b0e-2c0c-e100-5306-7639f34beda7" executionId="ece5d81f-0acf-4bf7-971e-aa5a4048373f" testListId="8c84fa94-04c1-424b-9868-57a2d4851a1d" />
    <TestEntry testId="85bf999a-623a-5cf1-0457-440032310db7" executionId="8da5fc0b-fd92-44ea-80a1-00cdd562726d" testListId="8c84fa94-04c1-424b-9868-57a2d4851a1d" />
    <TestEntry testId="9f53b347-9b34-38d4-159f-c0a949d67bc9" executionId="3026f114-ddba-43cb-a014-4a50a0406240" testListId="8c84fa94-04c1-424b-9868-57a2d4851a1d" />
    <TestEntry testId="14d533ca-2fe1-7623-2b62-78a12bae030e" executionId="7fb456b9-b91c-465e-8607-87931ae5111b" testListId="8c84fa94-04c1-424b-9868-57a2d4851a1d" />
    <TestEntry testId="24bec0cd-df5f-6a92-87d6-ea5dd1ee589d" executionId="606d74b0-aafb-4ad6-b6d1-7952c2619dc1" testListId="8c84fa94-04c1-424b-9868-57a2d4851a1d" />
    <TestEntry testId="f37f471f-3ed4-1f19-f3c3-af5f1e1831d2" executionId="976da2c1-8228-4f64-84ea-1c8c69781132" testListId="8c84fa94-04c1-424b-9868-57a2d4851a1d" />
  </TestEntries>
  <TestLists>
    <TestList name="Resultados sin formato de lista" id="8c84fa94-04c1-424b-9868-57a2d4851a1d" />
    <TestList name="Todos los resultados cargados" id="19431567-8539-422a-85d7-44ee4e166bda" />
  </TestLists>
  <ResultSummary outcome="Failed">
    <Counters total="123" executed="123" passed="118" failed="5" error="0" timeout="0" aborted="0" inconclusive="0" passedButRunAborted="0" notRunnable="0" notExecuted="0" disconnected="0" warning="0" completed="0" inProgress="0" pending="0" />
    <Output>
      <StdOut>[xUnit.net 00:00:00.00] xUnit.net VSTest Adapter v2.8.2+699d445a1a (64-bit .NET 8.0.19)&#xD;
[xUnit.net 00:00:00.03]   Discovering: Shin-Megami-Tensei.Tests&#xD;
[xUnit.net 00:00:00.06]   Discovered:  Shin-Megami-Tensei.Tests&#xD;
[xUnit.net 00:00:00.06]   Starting:    Shin-Megami-Tensei.Tests&#xD;
[xUnit.net 00:00:01.61]       System.ApplicationException : Tu programa pidió un input pero no hay más inputs del usuario en este test case!&#xD;
[xUnit.net 00:00:01.61]       Stack Trace:&#xD;
[xUnit.net 00:00:01.61]         c:\Users\crist\Documents\Proyecto_detallado\Proyecto-Megaten-IIC2113\Shin-Megami-Tensei-View\ConsoleLib\TestingView.cs(29,0): at Shin_Megami_Tensei_View.ConsoleLib.TestingView.GetNextInput()&#xD;
[xUnit.net 00:00:01.61]         c:\Users\crist\Documents\Proyecto_detallado\Proyecto-Megaten-IIC2113\Shin-Megami-Tensei-View\ConsoleLib\AbstractView.cs(15,0): at Shin_Megami_Tensei_View.ConsoleLib.AbstractView.ReadLine()&#xD;
[xUnit.net 00:00:01.61]         c:\Users\crist\Documents\Proyecto_detallado\Proyecto-Megaten-IIC2113\Shin-Megami-Tensei-View\ConsoleLib\View.cs(23,0): at Shin_Megami_Tensei_View.View.ReadLine()&#xD;
[xUnit.net 00:00:01.61]         c:\Users\crist\Documents\Proyecto_detallado\Proyecto-Megaten-IIC2113\Shin-Megami-Tensei-View\ConsoleLib\BattleView.cs(90,0): at Shin_Megami_Tensei_View.ConsoleLib.BattleView.GetActionChoice(Int32 maxActions)&#xD;
[xUnit.net 00:00:01.61]         c:\Users\crist\Documents\Proyecto_detallado\Proyecto-Megaten-IIC2113\Shin-Megami-Tensei-Model\CombatSystem\Core\CombatService.cs(42,0): at Shin_Megami_Tensei_Model.CombatSystem.Core.CombatService.ProcessUnitAction(UnitInstance actingUnit, BattleState battleState, String player1Name, String player2Name)&#xD;
[xUnit.net 00:00:01.61]         c:\Users\crist\Documents\Proyecto_detallado\Proyecto-Megaten-IIC2113\Shin-Megami-Tensei-Controller\BattleEngine.cs(57,0): at Shin_Megami_Tensei.BattleEngine.ProcessBattleTurn(BattleState battleState, TeamState currentTeam, List`1 actionOrder, String player1Name, String player2Name)&#xD;
[xUnit.net 00:00:01.61]         c:\Users\crist\Documents\Proyecto_detallado\Proyecto-Megaten-IIC2113\Shin-Megami-Tensei-Controller\BattleEngine.cs(35,0): at Shin_Megami_Tensei.BattleEngine.StartBattle(BattleState battleState, String player1Name, String player2Name)&#xD;
[xUnit.net 00:00:01.61]         c:\Users\crist\Documents\Proyecto_detallado\Proyecto-Megaten-IIC2113\Shin-Megami-Tensei-Controller\Game.cs(92,0): at Shin_Megami_Tensei.Game.Play()&#xD;
[xUnit.net 00:00:01.61]         c:\Users\crist\Documents\Proyecto_detallado\Proyecto-Megaten-IIC2113\Shin-Megami-Tensei.Tests\Tests.cs(75,0): at Shin_Megami_Tensei.Tests.Tests.RunTest(String teamsFolder, String testFile)&#xD;
[xUnit.net 00:00:01.61]         c:\Users\crist\Documents\Proyecto_detallado\Proyecto-Megaten-IIC2113\Shin-Megami-Tensei.Tests\Tests.cs(10,0): at Shin_Megami_Tensei.Tests.Tests.TestE1_BasicCombat(String teamsFolder, String testFile)&#xD;
[xUnit.net 00:00:01.61]            at System.RuntimeMethodHandle.InvokeMethod(Object target, Void** arguments, Signature sig, Boolean isConstructor)&#xD;
[xUnit.net 00:00:01.61]            at System.Reflection.MethodBaseInvoker.InvokeDirectByRefWithFewArgs(Object obj, Span`1 copyOfArgs, BindingFlags invokeAttr)&#xD;
[xUnit.net 00:00:01.61]       System.ApplicationException : Tu programa pidió un input pero no hay más inputs del usuario en este test case!&#xD;
[xUnit.net 00:00:01.61]       Stack Trace:&#xD;
[xUnit.net 00:00:01.61]         c:\Users\crist\Documents\Proyecto_detallado\Proyecto-Megaten-IIC2113\Shin-Megami-Tensei-View\ConsoleLib\TestingView.cs(29,0): at Shin_Megami_Tensei_View.ConsoleLib.TestingView.GetNextInput()&#xD;
[xUnit.net 00:00:01.61]         c:\Users\crist\Documents\Proyecto_detallado\Proyecto-Megaten-IIC2113\Shin-Megami-Tensei-View\ConsoleLib\AbstractView.cs(15,0): at Shin_Megami_Tensei_View.ConsoleLib.AbstractView.ReadLine()&#xD;
[xUnit.net 00:00:01.61]         c:\Users\crist\Documents\Proyecto_detallado\Proyecto-Megaten-IIC2113\Shin-Megami-Tensei-View\ConsoleLib\View.cs(23,0): at Shin_Megami_Tensei_View.View.ReadLine()&#xD;
[xUnit.net 00:00:01.61]         c:\Users\crist\Documents\Proyecto_detallado\Proyecto-Megaten-IIC2113\Shin-Megami-Tensei-View\ConsoleLib\BattleView.cs(90,0): at Shin_Megami_Tensei_View.ConsoleLib.BattleView.GetActionChoice(Int32 maxActions)&#xD;
[xUnit.net 00:00:01.61]         c:\Users\crist\Documents\Proyecto_detallado\Proyecto-Megaten-IIC2113\Shin-Megami-Tensei-Model\CombatSystem\Core\CombatService.cs(42,0): at Shin_Megami_Tensei_Model.CombatSystem.Core.CombatService.ProcessUnitAction(UnitInstance actingUnit, BattleState battleState, String player1Name, String player2Name)&#xD;
[xUnit.net 00:00:01.61]         c:\Users\crist\Documents\Proyecto_detallado\Proyecto-Megaten-IIC2113\Shin-Megami-Tensei-Controller\BattleEngine.cs(57,0): at Shin_Megami_Tensei.BattleEngine.ProcessBattleTurn(BattleState battleState, TeamState currentTeam, List`1 actionOrder, String player1Name, String player2Name)&#xD;
[xUnit.net 00:00:01.61]         c:\Users\crist\Documents\Proyecto_detallado\Proyecto-Megaten-IIC2113\Shin-Megami-Tensei-Controller\BattleEngine.cs(35,0): at Shin_Megami_Tensei.BattleEngine.StartBattle(BattleState battleState, String player1Name, String player2Name)&#xD;
[xUnit.net 00:00:01.61]         c:\Users\crist\Documents\Proyecto_detallado\Proyecto-Megaten-IIC2113\Shin-Megami-Tensei-Controller\Game.cs(92,0): at Shin_Megami_Tensei.Game.Play()&#xD;
[xUnit.net 00:00:01.61]         c:\Users\crist\Documents\Proyecto_detallado\Proyecto-Megaten-IIC2113\Shin-Megami-Tensei.Tests\Tests.cs(75,0): at Shin_Megami_Tensei.Tests.Tests.RunTest(String teamsFolder, String testFile)&#xD;
[xUnit.net 00:00:01.61]         c:\Users\crist\Documents\Proyecto_detallado\Proyecto-Megaten-IIC2113\Shin-Megami-Tensei.Tests\Tests.cs(10,0): at Shin_Megami_Tensei.Tests.Tests.TestE1_BasicCombat(String teamsFolder, String testFile)&#xD;
[xUnit.net 00:00:01.61]            at InvokeStub_Tests.TestE1_BasicCombat(Object, Span`1)&#xD;
[xUnit.net 00:00:01.61]            at System.Reflection.MethodBaseInvoker.InvokeWithFewArgs(Object obj, BindingFlags invokeAttr, Binder binder, Object[] parameters, CultureInfo culture)&#xD;
[xUnit.net 00:00:01.64]       System.ApplicationException : Tu programa pidió un input pero no hay más inputs del usuario en este test case!&#xD;
[xUnit.net 00:00:01.64]       Stack Trace:&#xD;
[xUnit.net 00:00:01.64]         c:\Users\crist\Documents\Proyecto_detallado\Proyecto-Megaten-IIC2113\Shin-Megami-Tensei-View\ConsoleLib\TestingView.cs(29,0): at Shin_Megami_Tensei_View.ConsoleLib.TestingView.GetNextInput()&#xD;
[xUnit.net 00:00:01.64]         c:\Users\crist\Documents\Proyecto_detallado\Proyecto-Megaten-IIC2113\Shin-Megami-Tensei-View\ConsoleLib\AbstractView.cs(15,0): at Shin_Megami_Tensei_View.ConsoleLib.AbstractView.ReadLine()&#xD;
[xUnit.net 00:00:01.64]         c:\Users\crist\Documents\Proyecto_detallado\Proyecto-Megaten-IIC2113\Shin-Megami-Tensei-View\ConsoleLib\View.cs(23,0): at Shin_Megami_Tensei_View.View.ReadLine()&#xD;
[xUnit.net 00:00:01.64]         c:\Users\crist\Documents\Proyecto_detallado\Proyecto-Megaten-IIC2113\Shin-Megami-Tensei-View\ConsoleLib\BattleView.cs(90,0): at Shin_Megami_Tensei_View.ConsoleLib.BattleView.GetActionChoice(Int32 maxActions)&#xD;
[xUnit.net 00:00:01.64]         c:\Users\crist\Documents\Proyecto_detallado\Proyecto-Megaten-IIC2113\Shin-Megami-Tensei-Model\CombatSystem\Core\CombatService.cs(42,0): at Shin_Megami_Tensei_Model.CombatSystem.Core.CombatService.ProcessUnitAction(UnitInstance actingUnit, BattleState battleState, String player1Name, String player2Name)&#xD;
[xUnit.net 00:00:01.64]         c:\Users\crist\Documents\Proyecto_detallado\Proyecto-Megaten-IIC2113\Shin-Megami-Tensei-Controller\BattleEngine.cs(57,0): at Shin_Megami_Tensei.BattleEngine.ProcessBattleTurn(BattleState battleState, TeamState currentTeam, List`1 actionOrder, String player1Name, String player2Name)&#xD;
[xUnit.net 00:00:01.64]         c:\Users\crist\Documents\Proyecto_detallado\Proyecto-Megaten-IIC2113\Shin-Megami-Tensei-Controller\BattleEngine.cs(35,0): at Shin_Megami_Tensei.BattleEngine.StartBattle(BattleState battleState, String player1Name, String player2Name)&#xD;
[xUnit.net 00:00:01.64]         c:\Users\crist\Documents\Proyecto_detallado\Proyecto-Megaten-IIC2113\Shin-Megami-Tensei-Controller\Game.cs(92,0): at Shin_Megami_Tensei.Game.Play()&#xD;
[xUnit.net 00:00:01.64]         c:\Users\crist\Documents\Proyecto_detallado\Proyecto-Megaten-IIC2113\Shin-Megami-Tensei.Tests\Tests.cs(75,0): at Shin_Megami_Tensei.Tests.Tests.RunTest(String teamsFolder, String testFile)&#xD;
[xUnit.net 00:00:01.64]         c:\Users\crist\Documents\Proyecto_detallado\Proyecto-Megaten-IIC2113\Shin-Megami-Tensei.Tests\Tests.cs(10,0): at Shin_Megami_Tensei.Tests.Tests.TestE1_BasicCombat(String teamsFolder, String testFile)&#xD;
[xUnit.net 00:00:01.64]            at InvokeStub_Tests.TestE1_BasicCombat(Object, Span`1)&#xD;
[xUnit.net 00:00:01.64]            at System.Reflection.MethodBaseInvoker.InvokeWithFewArgs(Object obj, BindingFlags invokeAttr, Binder binder, Object[] parameters, CultureInfo culture)&#xD;
[xUnit.net 00:00:01.65]       System.ApplicationException : Tu programa pidió un input pero no hay más inputs del usuario en este test case!&#xD;
[xUnit.net 00:00:01.65]       Stack Trace:&#xD;
[xUnit.net 00:00:01.65]         c:\Users\crist\Documents\Proyecto_detallado\Proyecto-Megaten-IIC2113\Shin-Megami-Tensei-View\ConsoleLib\TestingView.cs(29,0): at Shin_Megami_Tensei_View.ConsoleLib.TestingView.GetNextInput()&#xD;
[xUnit.net 00:00:01.65]         c:\Users\crist\Documents\Proyecto_detallado\Proyecto-Megaten-IIC2113\Shin-Megami-Tensei-View\ConsoleLib\AbstractView.cs(15,0): at Shin_Megami_Tensei_View.ConsoleLib.AbstractView.ReadLine()&#xD;
[xUnit.net 00:00:01.65]         c:\Users\crist\Documents\Proyecto_detallado\Proyecto-Megaten-IIC2113\Shin-Megami-Tensei-View\ConsoleLib\View.cs(23,0): at Shin_Megami_Tensei_View.View.ReadLine()&#xD;
[xUnit.net 00:00:01.65]         c:\Users\crist\Documents\Proyecto_detallado\Proyecto-Megaten-IIC2113\Shin-Megami-Tensei-View\ConsoleLib\BattleView.cs(90,0): at Shin_Megami_Tensei_View.ConsoleLib.BattleView.GetActionChoice(Int32 maxActions)&#xD;
[xUnit.net 00:00:01.65]         c:\Users\crist\Documents\Proyecto_detallado\Proyecto-Megaten-IIC2113\Shin-Megami-Tensei-Model\CombatSystem\Core\CombatService.cs(42,0): at Shin_Megami_Tensei_Model.CombatSystem.Core.CombatService.ProcessUnitAction(UnitInstance actingUnit, BattleState battleState, String player1Name, String player2Name)&#xD;
[xUnit.net 00:00:01.65]         c:\Users\crist\Documents\Proyecto_detallado\Proyecto-Megaten-IIC2113\Shin-Megami-Tensei-Controller\BattleEngine.cs(57,0): at Shin_Megami_Tensei.BattleEngine.ProcessBattleTurn(BattleState battleState, TeamState currentTeam, List`1 actionOrder, String player1Name, String player2Name)&#xD;
[xUnit.net 00:00:01.65]         c:\Users\crist\Documents\Proyecto_detallado\Proyecto-Megaten-IIC2113\Shin-Megami-Tensei-Controller\BattleEngine.cs(35,0): at Shin_Megami_Tensei.BattleEngine.StartBattle(BattleState battleState, String player1Name, String player2Name)&#xD;
[xUnit.net 00:00:01.65]         c:\Users\crist\Documents\Proyecto_detallado\Proyecto-Megaten-IIC2113\Shin-Megami-Tensei-Controller\Game.cs(92,0): at Shin_Megami_Tensei.Game.Play()&#xD;
[xUnit.net 00:00:01.65]         c:\Users\crist\Documents\Proyecto_detallado\Proyecto-Megaten-IIC2113\Shin-Megami-Tensei.Tests\Tests.cs(75,0): at Shin_Megami_Tensei.Tests.Tests.RunTest(String teamsFolder, String testFile)&#xD;
[xUnit.net 00:00:01.65]         c:\Users\crist\Documents\Proyecto_detallado\Proyecto-Megaten-IIC2113\Shin-Megami-Tensei.Tests\Tests.cs(10,0): at Shin_Megami_Tensei.Tests.Tests.TestE1_BasicCombat(String teamsFolder, String testFile)&#xD;
[xUnit.net 00:00:01.65]            at InvokeStub_Tests.TestE1_BasicCombat(Object, Span`1)&#xD;
[xUnit.net 00:00:01.65]            at System.Reflection.MethodBaseInvoker.InvokeWithFewArgs(Object obj, BindingFlags invokeAttr, Binder binder, Object[] parameters, CultureInfo culture)&#xD;
[xUnit.net 00:00:01.67]       System.ApplicationException : Tu programa pidió un input pero no hay más inputs del usuario en este test case!&#xD;
[xUnit.net 00:00:01.67]       Stack Trace:&#xD;
[xUnit.net 00:00:01.67]         c:\Users\crist\Documents\Proyecto_detallado\Proyecto-Megaten-IIC2113\Shin-Megami-Tensei-View\ConsoleLib\TestingView.cs(29,0): at Shin_Megami_Tensei_View.ConsoleLib.TestingView.GetNextInput()&#xD;
[xUnit.net 00:00:01.67]         c:\Users\crist\Documents\Proyecto_detallado\Proyecto-Megaten-IIC2113\Shin-Megami-Tensei-View\ConsoleLib\AbstractView.cs(15,0): at Shin_Megami_Tensei_View.ConsoleLib.AbstractView.ReadLine()&#xD;
[xUnit.net 00:00:01.67]         c:\Users\crist\Documents\Proyecto_detallado\Proyecto-Megaten-IIC2113\Shin-Megami-Tensei-View\ConsoleLib\View.cs(23,0): at Shin_Megami_Tensei_View.View.ReadLine()&#xD;
[xUnit.net 00:00:01.67]         c:\Users\crist\Documents\Proyecto_detallado\Proyecto-Megaten-IIC2113\Shin-Megami-Tensei-View\ConsoleLib\BattleView.cs(90,0): at Shin_Megami_Tensei_View.ConsoleLib.BattleView.GetActionChoice(Int32 maxActions)&#xD;
[xUnit.net 00:00:01.67]         c:\Users\crist\Documents\Proyecto_detallado\Proyecto-Megaten-IIC2113\Shin-Megami-Tensei-Model\CombatSystem\Core\CombatService.cs(42,0): at Shin_Megami_Tensei_Model.CombatSystem.Core.CombatService.ProcessUnitAction(UnitInstance actingUnit, BattleState battleState, String player1Name, String player2Name)&#xD;
[xUnit.net 00:00:01.67]         c:\Users\crist\Documents\Proyecto_detallado\Proyecto-Megaten-IIC2113\Shin-Megami-Tensei-Controller\BattleEngine.cs(57,0): at Shin_Megami_Tensei.BattleEngine.ProcessBattleTurn(BattleState battleState, TeamState currentTeam, List`1 actionOrder, String player1Name, String player2Name)&#xD;
[xUnit.net 00:00:01.67]         c:\Users\crist\Documents\Proyecto_detallado\Proyecto-Megaten-IIC2113\Shin-Megami-Tensei-Controller\BattleEngine.cs(35,0): at Shin_Megami_Tensei.BattleEngine.StartBattle(BattleState battleState, String player1Name, String player2Name)&#xD;
[xUnit.net 00:00:01.67]         c:\Users\crist\Documents\Proyecto_detallado\Proyecto-Megaten-IIC2113\Shin-Megami-Tensei-Controller\Game.cs(92,0): at Shin_Megami_Tensei.Game.Play()&#xD;
[xUnit.net 00:00:01.67]         c:\Users\crist\Documents\Proyecto_detallado\Proyecto-Megaten-IIC2113\Shin-Megami-Tensei.Tests\Tests.cs(75,0): at Shin_Megami_Tensei.Tests.Tests.RunTest(String teamsFolder, String testFile)&#xD;
[xUnit.net 00:00:01.67]         c:\Users\crist\Documents\Proyecto_detallado\Proyecto-Megaten-IIC2113\Shin-Megami-Tensei.Tests\Tests.cs(10,0): at Shin_Megami_Tensei.Tests.Tests.TestE1_BasicCombat(String teamsFolder, String testFile)&#xD;
[xUnit.net 00:00:01.67]            at InvokeStub_Tests.TestE1_BasicCombat(Object, Span`1)&#xD;
[xUnit.net 00:00:01.67]            at System.Reflection.MethodBaseInvoker.InvokeWithFewArgs(Object obj, BindingFlags invokeAttr, Binder binder, Object[] parameters, CultureInfo culture)&#xD;
[xUnit.net 00:00:01.70]   Finished:    Shin-Megami-Tensei.Tests&#xD;
</StdOut>
    </Output>
    <RunInfos>
      <RunInfo computerName="DESKTOP-KLPJG4Q" outcome="Error" timestamp="2025-08-29T14:53:09.2043328-04:00">
        <Text>[xUnit.net 00:00:01.61]     Shin_Megami_Tensei.Tests.Tests.TestE1_BasicCombat(teamsFolder: "data\\E1-BasicCombat", testFile: "data\\E1-BasicCombat-Tests\\006.txt") [FAIL]</Text>
      </RunInfo>
      <RunInfo computerName="DESKTOP-KLPJG4Q" outcome="Error" timestamp="2025-08-29T14:53:09.2061585-04:00">
        <Text>[xUnit.net 00:00:01.61]     Shin_Megami_Tensei.Tests.Tests.TestE1_BasicCombat(teamsFolder: "data\\E1-BasicCombat", testFile: "data\\E1-BasicCombat-Tests\\004.txt") [FAIL]</Text>
      </RunInfo>
      <RunInfo computerName="DESKTOP-KLPJG4Q" outcome="Error" timestamp="2025-08-29T14:53:09.2355269-04:00">
        <Text>[xUnit.net 00:00:01.64]     Shin_Megami_Tensei.Tests.Tests.TestE1_BasicCombat(teamsFolder: "data\\E1-BasicCombat", testFile: "data\\E1-BasicCombat-Tests\\007.txt") [FAIL]</Text>
      </RunInfo>
      <RunInfo computerName="DESKTOP-KLPJG4Q" outcome="Error" timestamp="2025-08-29T14:53:09.2424405-04:00">
        <Text>[xUnit.net 00:00:01.65]     Shin_Megami_Tensei.Tests.Tests.TestE1_BasicCombat(teamsFolder: "data\\E1-BasicCombat", testFile: "data\\E1-BasicCombat-Tests\\002.txt") [FAIL]</Text>
      </RunInfo>
      <RunInfo computerName="DESKTOP-KLPJG4Q" outcome="Error" timestamp="2025-08-29T14:53:09.2625507-04:00">
        <Text>[xUnit.net 00:00:01.67]     Shin_Megami_Tensei.Tests.Tests.TestE1_BasicCombat(teamsFolder: "data\\E1-BasicCombat", testFile: "data\\E1-BasicCombat-Tests\\005.txt") [FAIL]</Text>
      </RunInfo>
    </RunInfos>
  </ResultSummary>
</TestRun>